[2025-07-02T06:47:56.194+0000] {local_task_job_runner.py:120} INFO - ::group::Pre task execution logs
[2025-07-02T06:47:56.212+0000] {taskinstance.py:2073} INFO - Dependencies all met for dep_context=non-requeueable deps ti=<TaskInstance: hello_world.say_hello scheduled__2025-07-01T00:00:00+00:00 [queued]>
[2025-07-02T06:47:56.219+0000] {taskinstance.py:2073} INFO - Dependencies all met for dep_context=requeueable deps ti=<TaskInstance: hello_world.say_hello scheduled__2025-07-01T00:00:00+00:00 [queued]>
[2025-07-02T06:47:56.220+0000] {taskinstance.py:2303} INFO - Starting attempt 1 of 1
[2025-07-02T06:47:56.231+0000] {taskinstance.py:2327} INFO - Executing <Task(PythonOperator): say_hello> on 2025-07-01 00:00:00+00:00
[2025-07-02T06:47:56.235+0000] {standard_task_runner.py:63} INFO - Started process 61 to run task
[2025-07-02T06:47:56.239+0000] {standard_task_runner.py:90} INFO - Running: ['airflow', 'tasks', 'run', 'hello_world', 'say_hello', 'scheduled__2025-07-01T00:00:00+00:00', '--job-id', '5', '--raw', '--subdir', 'DAGS_FOLDER/hello_world.py', '--cfg-path', '/tmp/tmppdgp7_ho']
[2025-07-02T06:47:56.241+0000] {standard_task_runner.py:91} INFO - Job 5: Subtask say_hello
[2025-07-02T06:47:56.289+0000] {task_command.py:426} INFO - Running <TaskInstance: hello_world.say_hello scheduled__2025-07-01T00:00:00+00:00 [running]> on host 3ca7193c8b04
[2025-07-02T06:47:56.368+0000] {taskinstance.py:2644} INFO - Exporting env vars: AIRFLOW_CTX_DAG_OWNER='airflow' AIRFLOW_CTX_DAG_ID='hello_world' AIRFLOW_CTX_TASK_ID='say_hello' AIRFLOW_CTX_EXECUTION_DATE='2025-07-01T00:00:00+00:00' AIRFLOW_CTX_TRY_NUMBER='1' AIRFLOW_CTX_DAG_RUN_ID='scheduled__2025-07-01T00:00:00+00:00'
[2025-07-02T06:47:56.369+0000] {taskinstance.py:430} INFO - ::endgroup::
[2025-07-02T06:47:56.386+0000] {logging_mixin.py:188} INFO - Hello Airflow !
[2025-07-02T06:47:56.387+0000] {python.py:237} INFO - Done. Returned value was: None
[2025-07-02T06:47:56.388+0000] {taskinstance.py:441} INFO - ::group::Post task execution logs
[2025-07-02T06:47:56.396+0000] {taskinstance.py:1205} INFO - Marking task as SUCCESS. dag_id=hello_world, task_id=say_hello, execution_date=20250701T000000, start_date=20250702T064756, end_date=20250702T064756
[2025-07-02T06:47:56.412+0000] {local_task_job_runner.py:240} INFO - Task exited with return code 0
[2025-07-02T06:47:56.427+0000] {taskinstance.py:3482} INFO - 0 downstream tasks scheduled from follow-on schedule check
[2025-07-02T06:47:56.429+0000] {local_task_job_runner.py:222} INFO - ::endgroup::
[2025-07-02T11:38:12.607+0000] {local_task_job_runner.py:120} INFO - ::group::Pre task execution logs
[2025-07-02T11:38:12.637+0000] {taskinstance.py:2073} INFO - Dependencies all met for dep_context=non-requeueable deps ti=<TaskInstance: hello_world.say_hello scheduled__2025-07-01T00:00:00+00:00 [queued]>
[2025-07-02T11:38:12.647+0000] {taskinstance.py:2073} INFO - Dependencies all met for dep_context=requeueable deps ti=<TaskInstance: hello_world.say_hello scheduled__2025-07-01T00:00:00+00:00 [queued]>
[2025-07-02T11:38:12.648+0000] {taskinstance.py:2303} INFO - Starting attempt 1 of 1
[2025-07-02T11:38:12.662+0000] {taskinstance.py:2327} INFO - Executing <Task(PythonOperator): say_hello> on 2025-07-01 00:00:00+00:00
[2025-07-02T11:38:12.667+0000] {standard_task_runner.py:63} INFO - Started process 62 to run task
[2025-07-02T11:38:12.672+0000] {standard_task_runner.py:90} INFO - Running: ['airflow', 'tasks', 'run', 'hello_world', 'say_hello', 'scheduled__2025-07-01T00:00:00+00:00', '--job-id', '2', '--raw', '--subdir', 'DAGS_FOLDER/hello_world.py', '--cfg-path', '/tmp/tmpd5mt81a9']
[2025-07-02T11:38:12.675+0000] {standard_task_runner.py:91} INFO - Job 2: Subtask say_hello
[2025-07-02T11:38:12.778+0000] {task_command.py:426} INFO - Running <TaskInstance: hello_world.say_hello scheduled__2025-07-01T00:00:00+00:00 [running]> on host 970e440ccaa2
[2025-07-02T11:38:12.902+0000] {taskinstance.py:2644} INFO - Exporting env vars: AIRFLOW_CTX_DAG_OWNER='airflow' AIRFLOW_CTX_DAG_ID='hello_world' AIRFLOW_CTX_TASK_ID='say_hello' AIRFLOW_CTX_EXECUTION_DATE='2025-07-01T00:00:00+00:00' AIRFLOW_CTX_TRY_NUMBER='1' AIRFLOW_CTX_DAG_RUN_ID='scheduled__2025-07-01T00:00:00+00:00'
[2025-07-02T11:38:12.905+0000] {taskinstance.py:430} INFO - ::endgroup::
[2025-07-02T11:38:12.947+0000] {logging_mixin.py:188} INFO - Hello Airflow !
[2025-07-02T11:38:12.948+0000] {python.py:237} INFO - Done. Returned value was: None
[2025-07-02T11:38:12.949+0000] {taskinstance.py:441} INFO - ::group::Post task execution logs
[2025-07-02T11:38:12.963+0000] {taskinstance.py:1205} INFO - Marking task as SUCCESS. dag_id=hello_world, task_id=say_hello, execution_date=20250701T000000, start_date=20250702T113812, end_date=20250702T113812
[2025-07-02T11:38:13.007+0000] {local_task_job_runner.py:240} INFO - Task exited with return code 0
[2025-07-02T11:38:13.027+0000] {taskinstance.py:3482} INFO - 0 downstream tasks scheduled from follow-on schedule check
[2025-07-02T11:38:13.029+0000] {local_task_job_runner.py:222} INFO - ::endgroup::
