[2025-07-09T09:54:52.095+0000] {local_task_job_runner.py:120} INFO - ::group::Pre task execution logs
[2025-07-09T09:54:52.115+0000] {taskinstance.py:2073} INFO - Dependencies all met for dep_context=non-requeueable deps ti=<TaskInstance: init_minio_structure.create_prefixes manual__2025-07-09T09:54:47.890356+00:00 [queued]>
[2025-07-09T09:54:52.122+0000] {taskinstance.py:2073} INFO - Dependencies all met for dep_context=requeueable deps ti=<TaskInstance: init_minio_structure.create_prefixes manual__2025-07-09T09:54:47.890356+00:00 [queued]>
[2025-07-09T09:54:52.122+0000] {taskinstance.py:2303} INFO - Starting attempt 1 of 1
[2025-07-09T09:54:52.134+0000] {taskinstance.py:2327} INFO - Executing <Task(PythonOperator): create_prefixes> on 2025-07-09 09:54:47.890356+00:00
[2025-07-09T09:54:52.140+0000] {standard_task_runner.py:63} INFO - Started process 63 to run task
[2025-07-09T09:54:52.143+0000] {standard_task_runner.py:90} INFO - Running: ['airflow', 'tasks', 'run', 'init_minio_structure', 'create_prefixes', 'manual__2025-07-09T09:54:47.890356+00:00', '--job-id', '3', '--raw', '--subdir', 'DAGS_FOLDER/init_minio_structure.py', '--cfg-path', '/tmp/tmpdmfnhw82']
[2025-07-09T09:54:52.145+0000] {standard_task_runner.py:91} INFO - Job 3: Subtask create_prefixes
[2025-07-09T09:54:52.187+0000] {task_command.py:426} INFO - Running <TaskInstance: init_minio_structure.create_prefixes manual__2025-07-09T09:54:47.890356+00:00 [running]> on host c19735a04e2b
[2025-07-09T09:54:52.246+0000] {taskinstance.py:2644} INFO - Exporting env vars: AIRFLOW_CTX_DAG_OWNER='airflow' AIRFLOW_CTX_DAG_ID='init_minio_structure' AIRFLOW_CTX_TASK_ID='create_prefixes' AIRFLOW_CTX_EXECUTION_DATE='2025-07-09T09:54:47.890356+00:00' AIRFLOW_CTX_TRY_NUMBER='1' AIRFLOW_CTX_DAG_RUN_ID='manual__2025-07-09T09:54:47.890356+00:00'
[2025-07-09T09:54:52.248+0000] {taskinstance.py:430} INFO - ::endgroup::
[2025-07-09T09:54:52.263+0000] {log.py:232} WARNING - 2025-07-09 09:54:52.262 | INFO     | minio_helper:__init__:29 - 📡 Connexion MinIO → http://sport-minio:9000 | Bucket : sportdata
[2025-07-09T09:54:52.598+0000] {logging_mixin.py:188} INFO - 📂 Préfixe créé : referentiels/.keep
[2025-07-09T09:54:52.603+0000] {logging_mixin.py:188} INFO - 📂 Préfixe créé : simulation/.keep
[2025-07-09T09:54:52.607+0000] {logging_mixin.py:188} INFO - 📂 Préfixe créé : raw/.keep
[2025-07-09T09:54:52.614+0000] {logging_mixin.py:188} INFO - 📂 Préfixe créé : resultats/prime_sportive/.keep
[2025-07-09T09:54:52.619+0000] {logging_mixin.py:188} INFO - 📂 Préfixe créé : resultats/jours_bien_etre/.keep
[2025-07-09T09:54:52.624+0000] {logging_mixin.py:188} INFO - 📂 Préfixe créé : exports/.keep
[2025-07-09T09:54:52.625+0000] {python.py:237} INFO - Done. Returned value was: None
[2025-07-09T09:54:52.626+0000] {taskinstance.py:441} INFO - ::group::Post task execution logs
[2025-07-09T09:54:52.638+0000] {taskinstance.py:1205} INFO - Marking task as SUCCESS. dag_id=init_minio_structure, task_id=create_prefixes, execution_date=20250709T095447, start_date=20250709T095452, end_date=20250709T095452
[2025-07-09T09:54:52.679+0000] {local_task_job_runner.py:240} INFO - Task exited with return code 0
[2025-07-09T09:54:52.693+0000] {taskinstance.py:3482} INFO - 0 downstream tasks scheduled from follow-on schedule check
[2025-07-09T09:54:52.694+0000] {local_task_job_runner.py:222} INFO - ::endgroup::
