[2025-07-11T15:31:23.915+0000] {processor.py:161} INFO - Started process (PID=5022) to work on /opt/airflow/dags/global_sportdata_dag.py
[2025-07-11T15:31:23.916+0000] {processor.py:830} INFO - Processing file /opt/airflow/dags/global_sportdata_dag.py for tasks to queue
[2025-07-11T15:31:23.917+0000] {logging_mixin.py:188} INFO - [2025-07-11T15:31:23.917+0000] {dagbag.py:540} INFO - Filling up the DagBag from /opt/airflow/dags/global_sportdata_dag.py
[2025-07-11T15:31:23.941+0000] {processor.py:840} INFO - DAG(s) 'global_sportdata_pipeline' retrieved from /opt/airflow/dags/global_sportdata_dag.py
[2025-07-11T15:31:24.088+0000] {logging_mixin.py:188} INFO - [2025-07-11T15:31:24.088+0000] {override.py:1829} INFO - Created Permission View: can delete on DAG:global_sportdata_pipeline
[2025-07-11T15:31:24.097+0000] {logging_mixin.py:188} INFO - [2025-07-11T15:31:24.096+0000] {override.py:1829} INFO - Created Permission View: can read on DAG:global_sportdata_pipeline
[2025-07-11T15:31:24.101+0000] {logging_mixin.py:188} INFO - [2025-07-11T15:31:24.101+0000] {override.py:1829} INFO - Created Permission View: can edit on DAG:global_sportdata_pipeline
[2025-07-11T15:31:24.102+0000] {logging_mixin.py:188} INFO - [2025-07-11T15:31:24.102+0000] {dag.py:3096} INFO - Sync 1 DAGs
[2025-07-11T15:31:24.111+0000] {logging_mixin.py:188} INFO - [2025-07-11T15:31:24.111+0000] {dag.py:3118} INFO - Creating ORM DAG for global_sportdata_pipeline
[2025-07-11T15:31:24.112+0000] {logging_mixin.py:188} INFO - [2025-07-11T15:31:24.112+0000] {dag.py:3954} INFO - Setting next_dagrun for global_sportdata_pipeline to None, run_after=None
[2025-07-11T15:31:24.133+0000] {processor.py:183} INFO - Processing /opt/airflow/dags/global_sportdata_dag.py took 0.222 seconds
[2025-07-11T15:31:54.721+0000] {processor.py:161} INFO - Started process (PID=5028) to work on /opt/airflow/dags/global_sportdata_dag.py
[2025-07-11T15:31:54.722+0000] {processor.py:830} INFO - Processing file /opt/airflow/dags/global_sportdata_dag.py for tasks to queue
[2025-07-11T15:31:54.725+0000] {logging_mixin.py:188} INFO - [2025-07-11T15:31:54.725+0000] {dagbag.py:540} INFO - Filling up the DagBag from /opt/airflow/dags/global_sportdata_dag.py
[2025-07-11T15:31:54.756+0000] {processor.py:840} INFO - DAG(s) 'global_sportdata_pipeline' retrieved from /opt/airflow/dags/global_sportdata_dag.py
[2025-07-11T15:31:54.779+0000] {logging_mixin.py:188} INFO - [2025-07-11T15:31:54.779+0000] {dag.py:3096} INFO - Sync 1 DAGs
[2025-07-11T15:31:54.790+0000] {logging_mixin.py:188} INFO - [2025-07-11T15:31:54.790+0000] {dag.py:3954} INFO - Setting next_dagrun for global_sportdata_pipeline to None, run_after=None
[2025-07-11T15:31:54.808+0000] {processor.py:183} INFO - Processing /opt/airflow/dags/global_sportdata_dag.py took 0.092 seconds
[2025-07-11T15:32:24.885+0000] {processor.py:161} INFO - Started process (PID=5034) to work on /opt/airflow/dags/global_sportdata_dag.py
[2025-07-11T15:32:24.886+0000] {processor.py:830} INFO - Processing file /opt/airflow/dags/global_sportdata_dag.py for tasks to queue
[2025-07-11T15:32:24.887+0000] {logging_mixin.py:188} INFO - [2025-07-11T15:32:24.887+0000] {dagbag.py:540} INFO - Filling up the DagBag from /opt/airflow/dags/global_sportdata_dag.py
[2025-07-11T15:32:24.903+0000] {processor.py:840} INFO - DAG(s) 'global_sportdata_pipeline' retrieved from /opt/airflow/dags/global_sportdata_dag.py
[2025-07-11T15:32:24.923+0000] {logging_mixin.py:188} INFO - [2025-07-11T15:32:24.923+0000] {dag.py:3096} INFO - Sync 1 DAGs
[2025-07-11T15:32:24.933+0000] {logging_mixin.py:188} INFO - [2025-07-11T15:32:24.933+0000] {dag.py:3954} INFO - Setting next_dagrun for global_sportdata_pipeline to None, run_after=None
[2025-07-11T15:32:24.946+0000] {processor.py:183} INFO - Processing /opt/airflow/dags/global_sportdata_dag.py took 0.066 seconds
[2025-07-11T15:32:55.117+0000] {processor.py:161} INFO - Started process (PID=5040) to work on /opt/airflow/dags/global_sportdata_dag.py
[2025-07-11T15:32:55.118+0000] {processor.py:830} INFO - Processing file /opt/airflow/dags/global_sportdata_dag.py for tasks to queue
[2025-07-11T15:32:55.120+0000] {logging_mixin.py:188} INFO - [2025-07-11T15:32:55.119+0000] {dagbag.py:540} INFO - Filling up the DagBag from /opt/airflow/dags/global_sportdata_dag.py
[2025-07-11T15:32:55.134+0000] {processor.py:840} INFO - DAG(s) 'global_sportdata_pipeline' retrieved from /opt/airflow/dags/global_sportdata_dag.py
[2025-07-11T15:32:55.156+0000] {logging_mixin.py:188} INFO - [2025-07-11T15:32:55.155+0000] {dag.py:3096} INFO - Sync 1 DAGs
[2025-07-11T15:32:55.168+0000] {logging_mixin.py:188} INFO - [2025-07-11T15:32:55.168+0000] {dag.py:3954} INFO - Setting next_dagrun for global_sportdata_pipeline to None, run_after=None
[2025-07-11T15:32:55.182+0000] {processor.py:183} INFO - Processing /opt/airflow/dags/global_sportdata_dag.py took 0.070 seconds
[2025-07-11T15:33:25.441+0000] {processor.py:161} INFO - Started process (PID=5046) to work on /opt/airflow/dags/global_sportdata_dag.py
[2025-07-11T15:33:25.441+0000] {processor.py:830} INFO - Processing file /opt/airflow/dags/global_sportdata_dag.py for tasks to queue
[2025-07-11T15:33:25.445+0000] {logging_mixin.py:188} INFO - [2025-07-11T15:33:25.444+0000] {dagbag.py:540} INFO - Filling up the DagBag from /opt/airflow/dags/global_sportdata_dag.py
[2025-07-11T15:33:25.461+0000] {processor.py:840} INFO - DAG(s) 'global_sportdata_pipeline' retrieved from /opt/airflow/dags/global_sportdata_dag.py
[2025-07-11T15:33:25.486+0000] {logging_mixin.py:188} INFO - [2025-07-11T15:33:25.485+0000] {dag.py:3096} INFO - Sync 1 DAGs
[2025-07-11T15:33:25.498+0000] {logging_mixin.py:188} INFO - [2025-07-11T15:33:25.498+0000] {dag.py:3954} INFO - Setting next_dagrun for global_sportdata_pipeline to None, run_after=None
[2025-07-11T15:33:25.512+0000] {processor.py:183} INFO - Processing /opt/airflow/dags/global_sportdata_dag.py took 0.076 seconds
[2025-07-11T15:33:55.731+0000] {processor.py:161} INFO - Started process (PID=5052) to work on /opt/airflow/dags/global_sportdata_dag.py
[2025-07-11T15:33:55.732+0000] {processor.py:830} INFO - Processing file /opt/airflow/dags/global_sportdata_dag.py for tasks to queue
[2025-07-11T15:33:55.734+0000] {logging_mixin.py:188} INFO - [2025-07-11T15:33:55.733+0000] {dagbag.py:540} INFO - Filling up the DagBag from /opt/airflow/dags/global_sportdata_dag.py
[2025-07-11T15:33:55.749+0000] {processor.py:840} INFO - DAG(s) 'global_sportdata_pipeline' retrieved from /opt/airflow/dags/global_sportdata_dag.py
[2025-07-11T15:33:55.770+0000] {logging_mixin.py:188} INFO - [2025-07-11T15:33:55.770+0000] {dag.py:3096} INFO - Sync 1 DAGs
[2025-07-11T15:33:55.780+0000] {logging_mixin.py:188} INFO - [2025-07-11T15:33:55.780+0000] {dag.py:3954} INFO - Setting next_dagrun for global_sportdata_pipeline to None, run_after=None
[2025-07-11T15:33:55.796+0000] {processor.py:183} INFO - Processing /opt/airflow/dags/global_sportdata_dag.py took 0.069 seconds
[2025-07-11T15:34:26.001+0000] {processor.py:161} INFO - Started process (PID=5058) to work on /opt/airflow/dags/global_sportdata_dag.py
[2025-07-11T15:34:26.002+0000] {processor.py:830} INFO - Processing file /opt/airflow/dags/global_sportdata_dag.py for tasks to queue
[2025-07-11T15:34:26.003+0000] {logging_mixin.py:188} INFO - [2025-07-11T15:34:26.003+0000] {dagbag.py:540} INFO - Filling up the DagBag from /opt/airflow/dags/global_sportdata_dag.py
[2025-07-11T15:34:26.024+0000] {processor.py:840} INFO - DAG(s) 'global_sportdata_pipeline' retrieved from /opt/airflow/dags/global_sportdata_dag.py
[2025-07-11T15:34:26.044+0000] {logging_mixin.py:188} INFO - [2025-07-11T15:34:26.044+0000] {dag.py:3096} INFO - Sync 1 DAGs
[2025-07-11T15:34:26.054+0000] {logging_mixin.py:188} INFO - [2025-07-11T15:34:26.054+0000] {dag.py:3954} INFO - Setting next_dagrun for global_sportdata_pipeline to None, run_after=None
[2025-07-11T15:34:26.069+0000] {processor.py:183} INFO - Processing /opt/airflow/dags/global_sportdata_dag.py took 0.073 seconds
[2025-07-11T15:34:56.352+0000] {processor.py:161} INFO - Started process (PID=5064) to work on /opt/airflow/dags/global_sportdata_dag.py
[2025-07-11T15:34:56.353+0000] {processor.py:830} INFO - Processing file /opt/airflow/dags/global_sportdata_dag.py for tasks to queue
[2025-07-11T15:34:56.355+0000] {logging_mixin.py:188} INFO - [2025-07-11T15:34:56.355+0000] {dagbag.py:540} INFO - Filling up the DagBag from /opt/airflow/dags/global_sportdata_dag.py
[2025-07-11T15:34:56.385+0000] {processor.py:840} INFO - DAG(s) 'global_sportdata_pipeline' retrieved from /opt/airflow/dags/global_sportdata_dag.py
[2025-07-11T15:34:56.410+0000] {logging_mixin.py:188} INFO - [2025-07-11T15:34:56.409+0000] {dag.py:3096} INFO - Sync 1 DAGs
[2025-07-11T15:34:56.421+0000] {logging_mixin.py:188} INFO - [2025-07-11T15:34:56.420+0000] {dag.py:3954} INFO - Setting next_dagrun for global_sportdata_pipeline to None, run_after=None
[2025-07-11T15:34:56.437+0000] {processor.py:183} INFO - Processing /opt/airflow/dags/global_sportdata_dag.py took 0.089 seconds
[2025-07-11T15:35:26.675+0000] {processor.py:161} INFO - Started process (PID=5070) to work on /opt/airflow/dags/global_sportdata_dag.py
[2025-07-11T15:35:26.676+0000] {processor.py:830} INFO - Processing file /opt/airflow/dags/global_sportdata_dag.py for tasks to queue
[2025-07-11T15:35:26.678+0000] {logging_mixin.py:188} INFO - [2025-07-11T15:35:26.678+0000] {dagbag.py:540} INFO - Filling up the DagBag from /opt/airflow/dags/global_sportdata_dag.py
[2025-07-11T15:35:26.708+0000] {processor.py:840} INFO - DAG(s) 'global_sportdata_pipeline' retrieved from /opt/airflow/dags/global_sportdata_dag.py
[2025-07-11T15:35:26.730+0000] {logging_mixin.py:188} INFO - [2025-07-11T15:35:26.729+0000] {dag.py:3096} INFO - Sync 1 DAGs
[2025-07-11T15:35:26.740+0000] {logging_mixin.py:188} INFO - [2025-07-11T15:35:26.740+0000] {dag.py:3954} INFO - Setting next_dagrun for global_sportdata_pipeline to None, run_after=None
[2025-07-11T15:35:26.754+0000] {processor.py:183} INFO - Processing /opt/airflow/dags/global_sportdata_dag.py took 0.085 seconds
[2025-07-11T15:35:57.076+0000] {processor.py:161} INFO - Started process (PID=5076) to work on /opt/airflow/dags/global_sportdata_dag.py
[2025-07-11T15:35:57.077+0000] {processor.py:830} INFO - Processing file /opt/airflow/dags/global_sportdata_dag.py for tasks to queue
[2025-07-11T15:35:57.078+0000] {logging_mixin.py:188} INFO - [2025-07-11T15:35:57.078+0000] {dagbag.py:540} INFO - Filling up the DagBag from /opt/airflow/dags/global_sportdata_dag.py
[2025-07-11T15:35:57.103+0000] {processor.py:840} INFO - DAG(s) 'global_sportdata_pipeline' retrieved from /opt/airflow/dags/global_sportdata_dag.py
[2025-07-11T15:35:57.124+0000] {logging_mixin.py:188} INFO - [2025-07-11T15:35:57.124+0000] {dag.py:3096} INFO - Sync 1 DAGs
[2025-07-11T15:35:57.135+0000] {logging_mixin.py:188} INFO - [2025-07-11T15:35:57.135+0000] {dag.py:3954} INFO - Setting next_dagrun for global_sportdata_pipeline to None, run_after=None
[2025-07-11T15:35:57.150+0000] {processor.py:183} INFO - Processing /opt/airflow/dags/global_sportdata_dag.py took 0.079 seconds
[2025-07-11T15:36:27.374+0000] {processor.py:161} INFO - Started process (PID=5083) to work on /opt/airflow/dags/global_sportdata_dag.py
[2025-07-11T15:36:27.375+0000] {processor.py:830} INFO - Processing file /opt/airflow/dags/global_sportdata_dag.py for tasks to queue
[2025-07-11T15:36:27.377+0000] {logging_mixin.py:188} INFO - [2025-07-11T15:36:27.377+0000] {dagbag.py:540} INFO - Filling up the DagBag from /opt/airflow/dags/global_sportdata_dag.py
[2025-07-11T15:36:27.391+0000] {processor.py:840} INFO - DAG(s) 'global_sportdata_pipeline' retrieved from /opt/airflow/dags/global_sportdata_dag.py
[2025-07-11T15:36:27.414+0000] {logging_mixin.py:188} INFO - [2025-07-11T15:36:27.414+0000] {dag.py:3096} INFO - Sync 1 DAGs
[2025-07-11T15:36:27.423+0000] {logging_mixin.py:188} INFO - [2025-07-11T15:36:27.423+0000] {dag.py:3954} INFO - Setting next_dagrun for global_sportdata_pipeline to None, run_after=None
[2025-07-11T15:36:27.438+0000] {processor.py:183} INFO - Processing /opt/airflow/dags/global_sportdata_dag.py took 0.069 seconds
[2025-07-11T15:36:57.696+0000] {processor.py:161} INFO - Started process (PID=5090) to work on /opt/airflow/dags/global_sportdata_dag.py
[2025-07-11T15:36:57.698+0000] {processor.py:830} INFO - Processing file /opt/airflow/dags/global_sportdata_dag.py for tasks to queue
[2025-07-11T15:36:57.699+0000] {logging_mixin.py:188} INFO - [2025-07-11T15:36:57.699+0000] {dagbag.py:540} INFO - Filling up the DagBag from /opt/airflow/dags/global_sportdata_dag.py
[2025-07-11T15:36:57.729+0000] {processor.py:840} INFO - DAG(s) 'global_sportdata_pipeline' retrieved from /opt/airflow/dags/global_sportdata_dag.py
[2025-07-11T15:36:57.754+0000] {logging_mixin.py:188} INFO - [2025-07-11T15:36:57.754+0000] {dag.py:3096} INFO - Sync 1 DAGs
[2025-07-11T15:36:57.765+0000] {logging_mixin.py:188} INFO - [2025-07-11T15:36:57.765+0000] {dag.py:3954} INFO - Setting next_dagrun for global_sportdata_pipeline to None, run_after=None
[2025-07-11T15:36:57.785+0000] {processor.py:183} INFO - Processing /opt/airflow/dags/global_sportdata_dag.py took 0.094 seconds
[2025-07-11T15:37:28.215+0000] {processor.py:161} INFO - Started process (PID=5097) to work on /opt/airflow/dags/global_sportdata_dag.py
[2025-07-11T15:37:28.216+0000] {processor.py:830} INFO - Processing file /opt/airflow/dags/global_sportdata_dag.py for tasks to queue
[2025-07-11T15:37:28.217+0000] {logging_mixin.py:188} INFO - [2025-07-11T15:37:28.217+0000] {dagbag.py:540} INFO - Filling up the DagBag from /opt/airflow/dags/global_sportdata_dag.py
[2025-07-11T15:37:28.236+0000] {processor.py:840} INFO - DAG(s) 'global_sportdata_pipeline' retrieved from /opt/airflow/dags/global_sportdata_dag.py
[2025-07-11T15:37:28.256+0000] {logging_mixin.py:188} INFO - [2025-07-11T15:37:28.255+0000] {dag.py:3096} INFO - Sync 1 DAGs
[2025-07-11T15:37:28.266+0000] {logging_mixin.py:188} INFO - [2025-07-11T15:37:28.265+0000] {dag.py:3954} INFO - Setting next_dagrun for global_sportdata_pipeline to None, run_after=None
[2025-07-11T15:37:28.281+0000] {processor.py:183} INFO - Processing /opt/airflow/dags/global_sportdata_dag.py took 0.071 seconds
[2025-07-11T15:37:58.578+0000] {processor.py:161} INFO - Started process (PID=5104) to work on /opt/airflow/dags/global_sportdata_dag.py
[2025-07-11T15:37:58.579+0000] {processor.py:830} INFO - Processing file /opt/airflow/dags/global_sportdata_dag.py for tasks to queue
[2025-07-11T15:37:58.581+0000] {logging_mixin.py:188} INFO - [2025-07-11T15:37:58.581+0000] {dagbag.py:540} INFO - Filling up the DagBag from /opt/airflow/dags/global_sportdata_dag.py
[2025-07-11T15:37:58.600+0000] {processor.py:840} INFO - DAG(s) 'global_sportdata_pipeline' retrieved from /opt/airflow/dags/global_sportdata_dag.py
[2025-07-11T15:37:58.623+0000] {logging_mixin.py:188} INFO - [2025-07-11T15:37:58.623+0000] {dag.py:3096} INFO - Sync 1 DAGs
[2025-07-11T15:37:58.633+0000] {logging_mixin.py:188} INFO - [2025-07-11T15:37:58.633+0000] {dag.py:3954} INFO - Setting next_dagrun for global_sportdata_pipeline to None, run_after=None
[2025-07-11T15:37:58.647+0000] {processor.py:183} INFO - Processing /opt/airflow/dags/global_sportdata_dag.py took 0.074 seconds
