[2025-07-11T15:36:24.312+0000] {processor.py:161} INFO - Started process (PID=5082) to work on /opt/airflow/dags/spark_etl_pipeline.py
[2025-07-11T15:36:24.313+0000] {processor.py:830} INFO - Processing file /opt/airflow/dags/spark_etl_pipeline.py for tasks to queue
[2025-07-11T15:36:24.315+0000] {logging_mixin.py:188} INFO - [2025-07-11T15:36:24.314+0000] {dagbag.py:540} INFO - Filling up the DagBag from /opt/airflow/dags/spark_etl_pipeline.py
[2025-07-11T15:36:24.335+0000] {processor.py:840} INFO - DAG(s) 'spark_etl_pipeline' retrieved from /opt/airflow/dags/spark_etl_pipeline.py
[2025-07-11T15:36:24.404+0000] {logging_mixin.py:188} INFO - [2025-07-11T15:36:24.404+0000] {override.py:1829} INFO - Created Permission View: can delete on DAG:spark_etl_pipeline
[2025-07-11T15:36:24.410+0000] {logging_mixin.py:188} INFO - [2025-07-11T15:36:24.410+0000] {override.py:1829} INFO - Created Permission View: can read on DAG:spark_etl_pipeline
[2025-07-11T15:36:24.415+0000] {logging_mixin.py:188} INFO - [2025-07-11T15:36:24.415+0000] {override.py:1829} INFO - Created Permission View: can edit on DAG:spark_etl_pipeline
[2025-07-11T15:36:24.416+0000] {logging_mixin.py:188} INFO - [2025-07-11T15:36:24.415+0000] {dag.py:3096} INFO - Sync 1 DAGs
[2025-07-11T15:36:24.423+0000] {logging_mixin.py:188} INFO - [2025-07-11T15:36:24.423+0000] {dag.py:3118} INFO - Creating ORM DAG for spark_etl_pipeline
[2025-07-11T15:36:24.424+0000] {logging_mixin.py:188} INFO - [2025-07-11T15:36:24.424+0000] {dag.py:3954} INFO - Setting next_dagrun for spark_etl_pipeline to None, run_after=None
[2025-07-11T15:36:24.438+0000] {processor.py:183} INFO - Processing /opt/airflow/dags/spark_etl_pipeline.py took 0.130 seconds
[2025-07-11T15:36:54.592+0000] {processor.py:161} INFO - Started process (PID=5089) to work on /opt/airflow/dags/spark_etl_pipeline.py
[2025-07-11T15:36:54.594+0000] {processor.py:830} INFO - Processing file /opt/airflow/dags/spark_etl_pipeline.py for tasks to queue
[2025-07-11T15:36:54.596+0000] {logging_mixin.py:188} INFO - [2025-07-11T15:36:54.595+0000] {dagbag.py:540} INFO - Filling up the DagBag from /opt/airflow/dags/spark_etl_pipeline.py
[2025-07-11T15:36:54.624+0000] {processor.py:840} INFO - DAG(s) 'spark_etl_pipeline' retrieved from /opt/airflow/dags/spark_etl_pipeline.py
[2025-07-11T15:36:54.646+0000] {logging_mixin.py:188} INFO - [2025-07-11T15:36:54.646+0000] {dag.py:3096} INFO - Sync 1 DAGs
[2025-07-11T15:36:54.657+0000] {logging_mixin.py:188} INFO - [2025-07-11T15:36:54.657+0000] {dag.py:3954} INFO - Setting next_dagrun for spark_etl_pipeline to None, run_after=None
[2025-07-11T15:36:54.672+0000] {processor.py:183} INFO - Processing /opt/airflow/dags/spark_etl_pipeline.py took 0.085 seconds
[2025-07-11T15:37:25.089+0000] {processor.py:161} INFO - Started process (PID=5096) to work on /opt/airflow/dags/spark_etl_pipeline.py
[2025-07-11T15:37:25.090+0000] {processor.py:830} INFO - Processing file /opt/airflow/dags/spark_etl_pipeline.py for tasks to queue
[2025-07-11T15:37:25.091+0000] {logging_mixin.py:188} INFO - [2025-07-11T15:37:25.091+0000] {dagbag.py:540} INFO - Filling up the DagBag from /opt/airflow/dags/spark_etl_pipeline.py
[2025-07-11T15:37:25.115+0000] {processor.py:840} INFO - DAG(s) 'spark_etl_pipeline' retrieved from /opt/airflow/dags/spark_etl_pipeline.py
[2025-07-11T15:37:25.136+0000] {logging_mixin.py:188} INFO - [2025-07-11T15:37:25.136+0000] {dag.py:3096} INFO - Sync 1 DAGs
[2025-07-11T15:37:25.146+0000] {logging_mixin.py:188} INFO - [2025-07-11T15:37:25.146+0000] {dag.py:3954} INFO - Setting next_dagrun for spark_etl_pipeline to None, run_after=None
[2025-07-11T15:37:25.160+0000] {processor.py:183} INFO - Processing /opt/airflow/dags/spark_etl_pipeline.py took 0.077 seconds
[2025-07-11T15:37:55.515+0000] {processor.py:161} INFO - Started process (PID=5103) to work on /opt/airflow/dags/spark_etl_pipeline.py
[2025-07-11T15:37:55.516+0000] {processor.py:830} INFO - Processing file /opt/airflow/dags/spark_etl_pipeline.py for tasks to queue
[2025-07-11T15:37:55.518+0000] {logging_mixin.py:188} INFO - [2025-07-11T15:37:55.518+0000] {dagbag.py:540} INFO - Filling up the DagBag from /opt/airflow/dags/spark_etl_pipeline.py
[2025-07-11T15:37:55.545+0000] {processor.py:840} INFO - DAG(s) 'spark_etl_pipeline' retrieved from /opt/airflow/dags/spark_etl_pipeline.py
[2025-07-11T15:37:55.578+0000] {logging_mixin.py:188} INFO - [2025-07-11T15:37:55.578+0000] {dag.py:3096} INFO - Sync 1 DAGs
[2025-07-11T15:37:55.588+0000] {logging_mixin.py:188} INFO - [2025-07-11T15:37:55.588+0000] {dag.py:3954} INFO - Setting next_dagrun for spark_etl_pipeline to None, run_after=None
[2025-07-11T15:37:55.602+0000] {processor.py:183} INFO - Processing /opt/airflow/dags/spark_etl_pipeline.py took 0.091 seconds
[2025-07-11T15:38:25.888+0000] {processor.py:161} INFO - Started process (PID=5110) to work on /opt/airflow/dags/spark_etl_pipeline.py
[2025-07-11T15:38:25.890+0000] {processor.py:830} INFO - Processing file /opt/airflow/dags/spark_etl_pipeline.py for tasks to queue
[2025-07-11T15:38:25.892+0000] {logging_mixin.py:188} INFO - [2025-07-11T15:38:25.891+0000] {dagbag.py:540} INFO - Filling up the DagBag from /opt/airflow/dags/spark_etl_pipeline.py
[2025-07-11T15:38:25.916+0000] {processor.py:840} INFO - DAG(s) 'spark_etl_pipeline' retrieved from /opt/airflow/dags/spark_etl_pipeline.py
[2025-07-11T15:38:25.939+0000] {logging_mixin.py:188} INFO - [2025-07-11T15:38:25.939+0000] {dag.py:3096} INFO - Sync 1 DAGs
[2025-07-11T15:38:25.950+0000] {logging_mixin.py:188} INFO - [2025-07-11T15:38:25.949+0000] {dag.py:3954} INFO - Setting next_dagrun for spark_etl_pipeline to None, run_after=None
[2025-07-11T15:38:25.964+0000] {processor.py:183} INFO - Processing /opt/airflow/dags/spark_etl_pipeline.py took 0.081 seconds
