[2025-07-03T11:51:53.953+0000] {local_task_job_runner.py:120} INFO - ::group::Pre task execution logs
[2025-07-03T11:51:53.970+0000] {taskinstance.py:2073} INFO - Dependencies all met for dep_context=non-requeueable deps ti=<TaskInstance: init_minio_structure.create_prefixes manual__2025-07-03T11:51:51.155305+00:00 [queued]>
[2025-07-03T11:51:53.977+0000] {taskinstance.py:2073} INFO - Dependencies all met for dep_context=requeueable deps ti=<TaskInstance: init_minio_structure.create_prefixes manual__2025-07-03T11:51:51.155305+00:00 [queued]>
[2025-07-03T11:51:53.977+0000] {taskinstance.py:2303} INFO - Starting attempt 1 of 1
[2025-07-03T11:51:53.986+0000] {taskinstance.py:2327} INFO - Executing <Task(PythonOperator): create_prefixes> on 2025-07-03 11:51:51.155305+00:00
[2025-07-03T11:51:53.991+0000] {standard_task_runner.py:63} INFO - Started process 65 to run task
[2025-07-03T11:51:53.993+0000] {standard_task_runner.py:90} INFO - Running: ['airflow', 'tasks', 'run', 'init_minio_structure', 'create_prefixes', 'manual__2025-07-03T11:51:51.155305+00:00', '--job-id', '14', '--raw', '--subdir', 'DAGS_FOLDER/init_minio_structure.py', '--cfg-path', '/tmp/tmpksi252jx']
[2025-07-03T11:51:53.995+0000] {standard_task_runner.py:91} INFO - Job 14: Subtask create_prefixes
[2025-07-03T11:51:54.031+0000] {task_command.py:426} INFO - Running <TaskInstance: init_minio_structure.create_prefixes manual__2025-07-03T11:51:51.155305+00:00 [running]> on host 1e86fc11873b
[2025-07-03T11:51:54.086+0000] {taskinstance.py:2644} INFO - Exporting env vars: AIRFLOW_CTX_DAG_OWNER='airflow' AIRFLOW_CTX_DAG_ID='init_minio_structure' AIRFLOW_CTX_TASK_ID='create_prefixes' AIRFLOW_CTX_EXECUTION_DATE='2025-07-03T11:51:51.155305+00:00' AIRFLOW_CTX_TRY_NUMBER='1' AIRFLOW_CTX_DAG_RUN_ID='manual__2025-07-03T11:51:51.155305+00:00'
[2025-07-03T11:51:54.087+0000] {taskinstance.py:430} INFO - ::endgroup::
[2025-07-03T11:51:54.094+0000] {log.py:232} WARNING - 2025-07-03 11:51:54.094 | INFO     | minio_helper:__init__:29 - 📡 Connexion MinIO → http://sport-minio:9000 | Bucket : sportdata
[2025-07-03T11:51:54.161+0000] {logging_mixin.py:188} INFO - 📂 Préfixe créé : referentiels/.keep
[2025-07-03T11:51:54.165+0000] {logging_mixin.py:188} INFO - 📂 Préfixe créé : simulation/.keep
[2025-07-03T11:51:54.168+0000] {logging_mixin.py:188} INFO - 📂 Préfixe créé : raw/.keep
[2025-07-03T11:51:54.172+0000] {logging_mixin.py:188} INFO - 📂 Préfixe créé : resultats/prime_sportive/.keep
[2025-07-03T11:51:54.175+0000] {logging_mixin.py:188} INFO - 📂 Préfixe créé : resultats/jours_bien_etre/.keep
[2025-07-03T11:51:54.178+0000] {logging_mixin.py:188} INFO - 📂 Préfixe créé : exports/.keep
[2025-07-03T11:51:54.179+0000] {python.py:237} INFO - Done. Returned value was: None
[2025-07-03T11:51:54.179+0000] {taskinstance.py:441} INFO - ::group::Post task execution logs
[2025-07-03T11:51:54.187+0000] {taskinstance.py:1205} INFO - Marking task as SUCCESS. dag_id=init_minio_structure, task_id=create_prefixes, execution_date=20250703T115151, start_date=20250703T115153, end_date=20250703T115154
[2025-07-03T11:51:54.205+0000] {local_task_job_runner.py:240} INFO - Task exited with return code 0
[2025-07-03T11:51:54.218+0000] {taskinstance.py:3482} INFO - 0 downstream tasks scheduled from follow-on schedule check
[2025-07-03T11:51:54.220+0000] {local_task_job_runner.py:222} INFO - ::endgroup::
