[2025-07-09T14:56:18.556+0000] {local_task_job_runner.py:120} INFO - ::group::Pre task execution logs
[2025-07-09T14:56:18.577+0000] {taskinstance.py:2073} INFO - Dependencies all met for dep_context=non-requeueable deps ti=<TaskInstance: pipeline_avantages_sportifs.calculer_prime_sportive manual__2025-07-09T14:55:52.033233+00:00 [queued]>
[2025-07-09T14:56:18.584+0000] {taskinstance.py:2073} INFO - Dependencies all met for dep_context=requeueable deps ti=<TaskInstance: pipeline_avantages_sportifs.calculer_prime_sportive manual__2025-07-09T14:55:52.033233+00:00 [queued]>
[2025-07-09T14:56:18.586+0000] {taskinstance.py:2303} INFO - Starting attempt 1 of 2
[2025-07-09T14:56:18.596+0000] {taskinstance.py:2327} INFO - Executing <Task(BashOperator): calculer_prime_sportive> on 2025-07-09 14:55:52.033233+00:00
[2025-07-09T14:56:18.603+0000] {standard_task_runner.py:63} INFO - Started process 159 to run task
[2025-07-09T14:56:18.606+0000] {standard_task_runner.py:90} INFO - Running: ['airflow', 'tasks', 'run', 'pipeline_avantages_sportifs', 'calculer_prime_sportive', 'manual__2025-07-09T14:55:52.033233+00:00', '--job-id', '6', '--raw', '--subdir', 'DAGS_FOLDER/dag_pipeline_avantages.py', '--cfg-path', '/tmp/tmpun8knd3b']
[2025-07-09T14:56:18.609+0000] {standard_task_runner.py:91} INFO - Job 6: Subtask calculer_prime_sportive
[2025-07-09T14:56:18.656+0000] {task_command.py:426} INFO - Running <TaskInstance: pipeline_avantages_sportifs.calculer_prime_sportive manual__2025-07-09T14:55:52.033233+00:00 [running]> on host c19735a04e2b
[2025-07-09T14:56:18.717+0000] {taskinstance.py:2644} INFO - Exporting env vars: AIRFLOW_CTX_DAG_OWNER='xavier' AIRFLOW_CTX_DAG_ID='pipeline_avantages_sportifs' AIRFLOW_CTX_TASK_ID='calculer_prime_sportive' AIRFLOW_CTX_EXECUTION_DATE='2025-07-09T14:55:52.033233+00:00' AIRFLOW_CTX_TRY_NUMBER='1' AIRFLOW_CTX_DAG_RUN_ID='manual__2025-07-09T14:55:52.033233+00:00'
[2025-07-09T14:56:18.718+0000] {taskinstance.py:430} INFO - ::endgroup::
[2025-07-09T14:56:18.728+0000] {subprocess.py:63} INFO - Tmp dir root location: /tmp
[2025-07-09T14:56:18.729+0000] {subprocess.py:75} INFO - Running command: ['/usr/bin/bash', '-c', 'python /opt/airflow/scripts/croiser_rh_sport_et_calculer_prime.py']
[2025-07-09T14:56:18.740+0000] {subprocess.py:86} INFO - Output:
[2025-07-09T14:56:19.896+0000] {subprocess.py:93} INFO - 2025-07-09 14:56:19.895 | INFO     | __main__:pipeline_croisement_prime:50 - === Démarrage du croisement RH/Sport et calcul de prime ===
[2025-07-09T14:56:19.896+0000] {subprocess.py:93} INFO - 2025-07-09 14:56:19.896 | INFO     | minio_helper:__init__:49 - 📡 Connexion MinIO → http://sport-minio:9000 | Bucket : sportdata
[2025-07-09T14:56:20.017+0000] {subprocess.py:93} INFO - 2025-07-09 14:56:20.017 | SUCCESS  | __main__:charger_fichier_minio:43 - ✅ Fichier raw/donnees_rh_cleaned.xlsx téléchargé depuis MinIO
[2025-07-09T14:56:20.142+0000] {subprocess.py:93} INFO - 2025-07-09 14:56:20.141 | SUCCESS  | __main__:charger_fichier_minio:43 - ✅ Fichier raw/donnees_sportives_cleaned.xlsx téléchargé depuis MinIO
[2025-07-09T14:56:20.159+0000] {subprocess.py:93} INFO - 2025-07-09 14:56:20.158 | INFO     | __main__:pipeline_croisement_prime:57 - Salariés RH éligibles : 68
[2025-07-09T14:56:20.159+0000] {subprocess.py:93} INFO - 2025-07-09 14:56:20.159 | INFO     | __main__:pipeline_croisement_prime:58 - Déclarations sportives valides : 95
[2025-07-09T14:56:20.161+0000] {subprocess.py:93} INFO - 2025-07-09 14:56:20.161 | INFO     | __main__:pipeline_croisement_prime:73 - Bénéficiaires RH ayant une activité sportive reconnue : 37
[2025-07-09T14:56:20.162+0000] {subprocess.py:93} INFO - 2025-07-09 14:56:20.162 | INFO     | __main__:pipeline_croisement_prime:80 -
[2025-07-09T14:56:20.162+0000] {subprocess.py:93} INFO - --- Reporting synthétique ---
[2025-07-09T14:56:20.163+0000] {subprocess.py:93} INFO - 2025-07-09 14:56:20.162 | INFO     | __main__:pipeline_croisement_prime:81 - Nombre de bénéficiaires de la prime : 37
[2025-07-09T14:56:20.163+0000] {subprocess.py:93} INFO - 2025-07-09 14:56:20.162 | INFO     | __main__:pipeline_croisement_prime:82 - Montant total des primes à verser : 3700.00 €
[2025-07-09T14:56:20.163+0000] {subprocess.py:93} INFO - 2025-07-09 14:56:20.163 | INFO     | __main__:pipeline_croisement_prime:83 - Répartition par activité sportive :
[2025-07-09T14:56:20.164+0000] {subprocess.py:93} INFO - activite_clean
[2025-07-09T14:56:20.164+0000] {subprocess.py:93} INFO - Randonnée          6
[2025-07-09T14:56:20.165+0000] {subprocess.py:93} INFO - Natation           6
[2025-07-09T14:56:20.165+0000] {subprocess.py:93} INFO - Course à pied      6
[2025-07-09T14:56:20.166+0000] {subprocess.py:93} INFO - Badminton          4
[2025-07-09T14:56:20.166+0000] {subprocess.py:93} INFO - Tennis             4
[2025-07-09T14:56:20.167+0000] {subprocess.py:93} INFO - Rugby              4
[2025-07-09T14:56:20.168+0000] {subprocess.py:93} INFO - Football           3
[2025-07-09T14:56:20.168+0000] {subprocess.py:93} INFO - Escalade           2
[2025-07-09T14:56:20.169+0000] {subprocess.py:93} INFO - Tennis de table    1
[2025-07-09T14:56:20.170+0000] {subprocess.py:93} INFO - Voile              1
[2025-07-09T14:56:20.192+0000] {subprocess.py:93} INFO - 2025-07-09 14:56:20.191 | SUCCESS  | __main__:pipeline_croisement_prime:100 - ✅ Tableau des bénéficiaires/primes uploadé sur MinIO : final/beneficiaires_primes_sportives.xlsx
[2025-07-09T14:56:20.236+0000] {subprocess.py:93} INFO - 2025-07-09 14:56:20.236 | SUCCESS  | __main__:pipeline_croisement_prime:108 - ✅ Tableau des bénéficiaires/primes inséré dans PostgreSQL ('beneficiaires_primes_sport')
[2025-07-09T14:56:20.237+0000] {subprocess.py:93} INFO - 2025-07-09 14:56:20.236 | INFO     | __main__:pipeline_croisement_prime:112 - === Pipeline croisement RH/Sport et calcul prime terminé ===
[2025-07-09T14:56:20.418+0000] {subprocess.py:97} INFO - Command exited with return code 0
[2025-07-09T14:56:20.420+0000] {taskinstance.py:441} INFO - ::group::Post task execution logs
[2025-07-09T14:56:20.577+0000] {taskinstance.py:1205} INFO - Marking task as SUCCESS. dag_id=pipeline_avantages_sportifs, task_id=calculer_prime_sportive, execution_date=20250709T145552, start_date=20250709T145618, end_date=20250709T145620
[2025-07-09T14:56:20.628+0000] {local_task_job_runner.py:240} INFO - Task exited with return code 0
[2025-07-09T14:56:20.641+0000] {taskinstance.py:3482} INFO - 0 downstream tasks scheduled from follow-on schedule check
[2025-07-09T14:56:20.642+0000] {local_task_job_runner.py:222} INFO - ::endgroup::
