[2025-07-15T08:31:10.453+0000] {processor.py:161} INFO - Started process (PID=45) to work on /opt/airflow/dags/dag_initialisation_postgres.py
[2025-07-15T08:31:10.454+0000] {processor.py:830} INFO - Processing file /opt/airflow/dags/dag_initialisation_postgres.py for tasks to queue
[2025-07-15T08:31:10.456+0000] {logging_mixin.py:188} INFO - [2025-07-15T08:31:10.456+0000] {dagbag.py:540} INFO - Filling up the DagBag from /opt/airflow/dags/dag_initialisation_postgres.py
[2025-07-15T08:31:10.471+0000] {processor.py:840} INFO - DAG(s) 'dag_initialisation_postgres' retrieved from /opt/airflow/dags/dag_initialisation_postgres.py
[2025-07-15T08:31:10.494+0000] {logging_mixin.py:188} INFO - [2025-07-15T08:31:10.494+0000] {dag.py:3096} INFO - Sync 1 DAGs
[2025-07-15T08:31:10.506+0000] {logging_mixin.py:188} INFO - [2025-07-15T08:31:10.505+0000] {dag.py:3954} INFO - Setting next_dagrun for dag_initialisation_postgres to None, run_after=None
[2025-07-15T08:31:10.522+0000] {processor.py:183} INFO - Processing /opt/airflow/dags/dag_initialisation_postgres.py took 0.076 seconds
[2025-07-15T08:31:40.654+0000] {processor.py:161} INFO - Started process (PID=52) to work on /opt/airflow/dags/dag_initialisation_postgres.py
[2025-07-15T08:31:40.655+0000] {processor.py:830} INFO - Processing file /opt/airflow/dags/dag_initialisation_postgres.py for tasks to queue
[2025-07-15T08:31:40.657+0000] {logging_mixin.py:188} INFO - [2025-07-15T08:31:40.656+0000] {dagbag.py:540} INFO - Filling up the DagBag from /opt/airflow/dags/dag_initialisation_postgres.py
[2025-07-15T08:31:40.669+0000] {processor.py:840} INFO - DAG(s) 'dag_initialisation_postgres' retrieved from /opt/airflow/dags/dag_initialisation_postgres.py
[2025-07-15T08:31:40.689+0000] {logging_mixin.py:188} INFO - [2025-07-15T08:31:40.688+0000] {dag.py:3096} INFO - Sync 1 DAGs
[2025-07-15T08:31:40.701+0000] {logging_mixin.py:188} INFO - [2025-07-15T08:31:40.700+0000] {dag.py:3954} INFO - Setting next_dagrun for dag_initialisation_postgres to None, run_after=None
[2025-07-15T08:31:40.720+0000] {processor.py:183} INFO - Processing /opt/airflow/dags/dag_initialisation_postgres.py took 0.069 seconds
[2025-07-15T08:32:11.597+0000] {processor.py:161} INFO - Started process (PID=59) to work on /opt/airflow/dags/dag_initialisation_postgres.py
[2025-07-15T08:32:11.598+0000] {processor.py:830} INFO - Processing file /opt/airflow/dags/dag_initialisation_postgres.py for tasks to queue
[2025-07-15T08:32:11.600+0000] {logging_mixin.py:188} INFO - [2025-07-15T08:32:11.600+0000] {dagbag.py:540} INFO - Filling up the DagBag from /opt/airflow/dags/dag_initialisation_postgres.py
[2025-07-15T08:32:11.624+0000] {processor.py:840} INFO - DAG(s) 'dag_initialisation_postgres' retrieved from /opt/airflow/dags/dag_initialisation_postgres.py
[2025-07-15T08:32:11.644+0000] {logging_mixin.py:188} INFO - [2025-07-15T08:32:11.644+0000] {dag.py:3096} INFO - Sync 1 DAGs
[2025-07-15T08:32:11.653+0000] {logging_mixin.py:188} INFO - [2025-07-15T08:32:11.653+0000] {dag.py:3954} INFO - Setting next_dagrun for dag_initialisation_postgres to None, run_after=None
[2025-07-15T08:32:11.669+0000] {processor.py:183} INFO - Processing /opt/airflow/dags/dag_initialisation_postgres.py took 0.077 seconds
[2025-07-15T08:32:42.572+0000] {processor.py:161} INFO - Started process (PID=66) to work on /opt/airflow/dags/dag_initialisation_postgres.py
[2025-07-15T08:32:42.573+0000] {processor.py:830} INFO - Processing file /opt/airflow/dags/dag_initialisation_postgres.py for tasks to queue
[2025-07-15T08:32:42.575+0000] {logging_mixin.py:188} INFO - [2025-07-15T08:32:42.575+0000] {dagbag.py:540} INFO - Filling up the DagBag from /opt/airflow/dags/dag_initialisation_postgres.py
[2025-07-15T08:32:42.611+0000] {processor.py:840} INFO - DAG(s) 'dag_initialisation_postgres' retrieved from /opt/airflow/dags/dag_initialisation_postgres.py
[2025-07-15T08:32:42.636+0000] {logging_mixin.py:188} INFO - [2025-07-15T08:32:42.635+0000] {dag.py:3096} INFO - Sync 1 DAGs
[2025-07-15T08:32:42.648+0000] {logging_mixin.py:188} INFO - [2025-07-15T08:32:42.647+0000] {dag.py:3954} INFO - Setting next_dagrun for dag_initialisation_postgres to None, run_after=None
[2025-07-15T08:32:42.669+0000] {processor.py:183} INFO - Processing /opt/airflow/dags/dag_initialisation_postgres.py took 0.102 seconds
[2025-07-15T08:33:12.916+0000] {processor.py:161} INFO - Started process (PID=73) to work on /opt/airflow/dags/dag_initialisation_postgres.py
[2025-07-15T08:33:12.918+0000] {processor.py:830} INFO - Processing file /opt/airflow/dags/dag_initialisation_postgres.py for tasks to queue
[2025-07-15T08:33:12.919+0000] {logging_mixin.py:188} INFO - [2025-07-15T08:33:12.919+0000] {dagbag.py:540} INFO - Filling up the DagBag from /opt/airflow/dags/dag_initialisation_postgres.py
[2025-07-15T08:33:12.943+0000] {processor.py:840} INFO - DAG(s) 'dag_initialisation_postgres' retrieved from /opt/airflow/dags/dag_initialisation_postgres.py
[2025-07-15T08:33:12.961+0000] {logging_mixin.py:188} INFO - [2025-07-15T08:33:12.961+0000] {dag.py:3096} INFO - Sync 1 DAGs
[2025-07-15T08:33:12.971+0000] {logging_mixin.py:188} INFO - [2025-07-15T08:33:12.971+0000] {dag.py:3954} INFO - Setting next_dagrun for dag_initialisation_postgres to None, run_after=None
[2025-07-15T08:33:12.990+0000] {processor.py:183} INFO - Processing /opt/airflow/dags/dag_initialisation_postgres.py took 0.078 seconds
[2025-07-15T08:33:43.081+0000] {processor.py:161} INFO - Started process (PID=80) to work on /opt/airflow/dags/dag_initialisation_postgres.py
[2025-07-15T08:33:43.082+0000] {processor.py:830} INFO - Processing file /opt/airflow/dags/dag_initialisation_postgres.py for tasks to queue
[2025-07-15T08:33:43.084+0000] {logging_mixin.py:188} INFO - [2025-07-15T08:33:43.083+0000] {dagbag.py:540} INFO - Filling up the DagBag from /opt/airflow/dags/dag_initialisation_postgres.py
[2025-07-15T08:33:43.102+0000] {processor.py:840} INFO - DAG(s) 'dag_initialisation_postgres' retrieved from /opt/airflow/dags/dag_initialisation_postgres.py
[2025-07-15T08:33:43.122+0000] {logging_mixin.py:188} INFO - [2025-07-15T08:33:43.122+0000] {dag.py:3096} INFO - Sync 1 DAGs
[2025-07-15T08:33:43.133+0000] {logging_mixin.py:188} INFO - [2025-07-15T08:33:43.133+0000] {dag.py:3954} INFO - Setting next_dagrun for dag_initialisation_postgres to None, run_after=None
[2025-07-15T08:33:43.150+0000] {processor.py:183} INFO - Processing /opt/airflow/dags/dag_initialisation_postgres.py took 0.073 seconds
[2025-07-15T08:34:13.233+0000] {processor.py:161} INFO - Started process (PID=87) to work on /opt/airflow/dags/dag_initialisation_postgres.py
[2025-07-15T08:34:13.234+0000] {processor.py:830} INFO - Processing file /opt/airflow/dags/dag_initialisation_postgres.py for tasks to queue
[2025-07-15T08:34:13.236+0000] {logging_mixin.py:188} INFO - [2025-07-15T08:34:13.235+0000] {dagbag.py:540} INFO - Filling up the DagBag from /opt/airflow/dags/dag_initialisation_postgres.py
[2025-07-15T08:34:13.259+0000] {processor.py:840} INFO - DAG(s) 'dag_initialisation_postgres' retrieved from /opt/airflow/dags/dag_initialisation_postgres.py
[2025-07-15T08:34:13.278+0000] {logging_mixin.py:188} INFO - [2025-07-15T08:34:13.278+0000] {dag.py:3096} INFO - Sync 1 DAGs
[2025-07-15T08:34:13.288+0000] {logging_mixin.py:188} INFO - [2025-07-15T08:34:13.288+0000] {dag.py:3954} INFO - Setting next_dagrun for dag_initialisation_postgres to None, run_after=None
[2025-07-15T08:34:13.306+0000] {processor.py:183} INFO - Processing /opt/airflow/dags/dag_initialisation_postgres.py took 0.077 seconds
[2025-07-15T08:34:43.385+0000] {processor.py:161} INFO - Started process (PID=94) to work on /opt/airflow/dags/dag_initialisation_postgres.py
[2025-07-15T08:34:43.386+0000] {processor.py:830} INFO - Processing file /opt/airflow/dags/dag_initialisation_postgres.py for tasks to queue
[2025-07-15T08:34:43.388+0000] {logging_mixin.py:188} INFO - [2025-07-15T08:34:43.388+0000] {dagbag.py:540} INFO - Filling up the DagBag from /opt/airflow/dags/dag_initialisation_postgres.py
[2025-07-15T08:34:43.411+0000] {processor.py:840} INFO - DAG(s) 'dag_initialisation_postgres' retrieved from /opt/airflow/dags/dag_initialisation_postgres.py
[2025-07-15T08:34:43.438+0000] {logging_mixin.py:188} INFO - [2025-07-15T08:34:43.438+0000] {dag.py:3096} INFO - Sync 1 DAGs
[2025-07-15T08:34:43.450+0000] {logging_mixin.py:188} INFO - [2025-07-15T08:34:43.450+0000] {dag.py:3954} INFO - Setting next_dagrun for dag_initialisation_postgres to None, run_after=None
[2025-07-15T08:34:43.469+0000] {processor.py:183} INFO - Processing /opt/airflow/dags/dag_initialisation_postgres.py took 0.089 seconds
[2025-07-15T08:35:14.528+0000] {processor.py:161} INFO - Started process (PID=101) to work on /opt/airflow/dags/dag_initialisation_postgres.py
[2025-07-15T08:35:14.529+0000] {processor.py:830} INFO - Processing file /opt/airflow/dags/dag_initialisation_postgres.py for tasks to queue
[2025-07-15T08:35:14.531+0000] {logging_mixin.py:188} INFO - [2025-07-15T08:35:14.531+0000] {dagbag.py:540} INFO - Filling up the DagBag from /opt/airflow/dags/dag_initialisation_postgres.py
[2025-07-15T08:35:14.556+0000] {processor.py:840} INFO - DAG(s) 'dag_initialisation_postgres' retrieved from /opt/airflow/dags/dag_initialisation_postgres.py
[2025-07-15T08:35:14.578+0000] {logging_mixin.py:188} INFO - [2025-07-15T08:35:14.577+0000] {dag.py:3096} INFO - Sync 1 DAGs
[2025-07-15T08:35:14.587+0000] {logging_mixin.py:188} INFO - [2025-07-15T08:35:14.587+0000] {dag.py:3954} INFO - Setting next_dagrun for dag_initialisation_postgres to None, run_after=None
[2025-07-15T08:35:14.610+0000] {processor.py:183} INFO - Processing /opt/airflow/dags/dag_initialisation_postgres.py took 0.086 seconds
[2025-07-15T08:35:44.969+0000] {processor.py:161} INFO - Started process (PID=108) to work on /opt/airflow/dags/dag_initialisation_postgres.py
[2025-07-15T08:35:44.970+0000] {processor.py:830} INFO - Processing file /opt/airflow/dags/dag_initialisation_postgres.py for tasks to queue
[2025-07-15T08:35:44.971+0000] {logging_mixin.py:188} INFO - [2025-07-15T08:35:44.971+0000] {dagbag.py:540} INFO - Filling up the DagBag from /opt/airflow/dags/dag_initialisation_postgres.py
[2025-07-15T08:35:44.986+0000] {processor.py:840} INFO - DAG(s) 'dag_initialisation_postgres' retrieved from /opt/airflow/dags/dag_initialisation_postgres.py
[2025-07-15T08:35:45.004+0000] {logging_mixin.py:188} INFO - [2025-07-15T08:35:45.004+0000] {dag.py:3096} INFO - Sync 1 DAGs
[2025-07-15T08:35:45.014+0000] {logging_mixin.py:188} INFO - [2025-07-15T08:35:45.014+0000] {dag.py:3954} INFO - Setting next_dagrun for dag_initialisation_postgres to None, run_after=None
[2025-07-15T08:35:45.030+0000] {processor.py:183} INFO - Processing /opt/airflow/dags/dag_initialisation_postgres.py took 0.065 seconds
[2025-07-15T08:36:15.171+0000] {processor.py:161} INFO - Started process (PID=115) to work on /opt/airflow/dags/dag_initialisation_postgres.py
[2025-07-15T08:36:15.172+0000] {processor.py:830} INFO - Processing file /opt/airflow/dags/dag_initialisation_postgres.py for tasks to queue
[2025-07-15T08:36:15.173+0000] {logging_mixin.py:188} INFO - [2025-07-15T08:36:15.173+0000] {dagbag.py:540} INFO - Filling up the DagBag from /opt/airflow/dags/dag_initialisation_postgres.py
[2025-07-15T08:36:15.187+0000] {processor.py:840} INFO - DAG(s) 'dag_initialisation_postgres' retrieved from /opt/airflow/dags/dag_initialisation_postgres.py
[2025-07-15T08:36:15.206+0000] {logging_mixin.py:188} INFO - [2025-07-15T08:36:15.206+0000] {dag.py:3096} INFO - Sync 1 DAGs
[2025-07-15T08:36:15.217+0000] {logging_mixin.py:188} INFO - [2025-07-15T08:36:15.217+0000] {dag.py:3954} INFO - Setting next_dagrun for dag_initialisation_postgres to None, run_after=None
[2025-07-15T08:36:15.231+0000] {processor.py:183} INFO - Processing /opt/airflow/dags/dag_initialisation_postgres.py took 0.064 seconds
[2025-07-15T08:36:46.108+0000] {processor.py:161} INFO - Started process (PID=122) to work on /opt/airflow/dags/dag_initialisation_postgres.py
[2025-07-15T08:36:46.108+0000] {processor.py:830} INFO - Processing file /opt/airflow/dags/dag_initialisation_postgres.py for tasks to queue
[2025-07-15T08:36:46.110+0000] {logging_mixin.py:188} INFO - [2025-07-15T08:36:46.110+0000] {dagbag.py:540} INFO - Filling up the DagBag from /opt/airflow/dags/dag_initialisation_postgres.py
[2025-07-15T08:36:46.123+0000] {processor.py:840} INFO - DAG(s) 'dag_initialisation_postgres' retrieved from /opt/airflow/dags/dag_initialisation_postgres.py
[2025-07-15T08:36:46.142+0000] {logging_mixin.py:188} INFO - [2025-07-15T08:36:46.142+0000] {dag.py:3096} INFO - Sync 1 DAGs
[2025-07-15T08:36:46.152+0000] {logging_mixin.py:188} INFO - [2025-07-15T08:36:46.152+0000] {dag.py:3954} INFO - Setting next_dagrun for dag_initialisation_postgres to None, run_after=None
[2025-07-15T08:36:46.168+0000] {processor.py:183} INFO - Processing /opt/airflow/dags/dag_initialisation_postgres.py took 0.065 seconds
[2025-07-15T08:37:17.161+0000] {processor.py:161} INFO - Started process (PID=129) to work on /opt/airflow/dags/dag_initialisation_postgres.py
[2025-07-15T08:37:17.162+0000] {processor.py:830} INFO - Processing file /opt/airflow/dags/dag_initialisation_postgres.py for tasks to queue
[2025-07-15T08:37:17.164+0000] {logging_mixin.py:188} INFO - [2025-07-15T08:37:17.163+0000] {dagbag.py:540} INFO - Filling up the DagBag from /opt/airflow/dags/dag_initialisation_postgres.py
[2025-07-15T08:37:17.175+0000] {processor.py:840} INFO - DAG(s) 'dag_initialisation_postgres' retrieved from /opt/airflow/dags/dag_initialisation_postgres.py
[2025-07-15T08:37:17.193+0000] {logging_mixin.py:188} INFO - [2025-07-15T08:37:17.193+0000] {dag.py:3096} INFO - Sync 1 DAGs
[2025-07-15T08:37:17.203+0000] {logging_mixin.py:188} INFO - [2025-07-15T08:37:17.203+0000] {dag.py:3954} INFO - Setting next_dagrun for dag_initialisation_postgres to None, run_after=None
[2025-07-15T08:37:17.216+0000] {processor.py:183} INFO - Processing /opt/airflow/dags/dag_initialisation_postgres.py took 0.059 seconds
[2025-07-15T08:37:48.256+0000] {processor.py:161} INFO - Started process (PID=136) to work on /opt/airflow/dags/dag_initialisation_postgres.py
[2025-07-15T08:37:48.257+0000] {processor.py:830} INFO - Processing file /opt/airflow/dags/dag_initialisation_postgres.py for tasks to queue
[2025-07-15T08:37:48.259+0000] {logging_mixin.py:188} INFO - [2025-07-15T08:37:48.259+0000] {dagbag.py:540} INFO - Filling up the DagBag from /opt/airflow/dags/dag_initialisation_postgres.py
[2025-07-15T08:37:48.277+0000] {processor.py:840} INFO - DAG(s) 'dag_initialisation_postgres' retrieved from /opt/airflow/dags/dag_initialisation_postgres.py
[2025-07-15T08:37:48.296+0000] {logging_mixin.py:188} INFO - [2025-07-15T08:37:48.296+0000] {dag.py:3096} INFO - Sync 1 DAGs
[2025-07-15T08:37:48.307+0000] {logging_mixin.py:188} INFO - [2025-07-15T08:37:48.307+0000] {dag.py:3954} INFO - Setting next_dagrun for dag_initialisation_postgres to None, run_after=None
[2025-07-15T08:37:48.320+0000] {processor.py:183} INFO - Processing /opt/airflow/dags/dag_initialisation_postgres.py took 0.069 seconds
[2025-07-15T08:38:18.477+0000] {processor.py:161} INFO - Started process (PID=143) to work on /opt/airflow/dags/dag_initialisation_postgres.py
[2025-07-15T08:38:18.478+0000] {processor.py:830} INFO - Processing file /opt/airflow/dags/dag_initialisation_postgres.py for tasks to queue
[2025-07-15T08:38:18.479+0000] {logging_mixin.py:188} INFO - [2025-07-15T08:38:18.479+0000] {dagbag.py:540} INFO - Filling up the DagBag from /opt/airflow/dags/dag_initialisation_postgres.py
[2025-07-15T08:38:18.493+0000] {processor.py:840} INFO - DAG(s) 'dag_initialisation_postgres' retrieved from /opt/airflow/dags/dag_initialisation_postgres.py
[2025-07-15T08:38:18.512+0000] {logging_mixin.py:188} INFO - [2025-07-15T08:38:18.511+0000] {dag.py:3096} INFO - Sync 1 DAGs
[2025-07-15T08:38:18.521+0000] {logging_mixin.py:188} INFO - [2025-07-15T08:38:18.521+0000] {dag.py:3954} INFO - Setting next_dagrun for dag_initialisation_postgres to None, run_after=None
[2025-07-15T08:38:18.539+0000] {processor.py:183} INFO - Processing /opt/airflow/dags/dag_initialisation_postgres.py took 0.067 seconds
[2025-07-15T08:38:48.729+0000] {processor.py:161} INFO - Started process (PID=150) to work on /opt/airflow/dags/dag_initialisation_postgres.py
[2025-07-15T08:38:48.730+0000] {processor.py:830} INFO - Processing file /opt/airflow/dags/dag_initialisation_postgres.py for tasks to queue
[2025-07-15T08:38:48.731+0000] {logging_mixin.py:188} INFO - [2025-07-15T08:38:48.731+0000] {dagbag.py:540} INFO - Filling up the DagBag from /opt/airflow/dags/dag_initialisation_postgres.py
[2025-07-15T08:38:48.742+0000] {processor.py:840} INFO - DAG(s) 'dag_initialisation_postgres' retrieved from /opt/airflow/dags/dag_initialisation_postgres.py
[2025-07-15T08:38:48.762+0000] {logging_mixin.py:188} INFO - [2025-07-15T08:38:48.761+0000] {dag.py:3096} INFO - Sync 1 DAGs
[2025-07-15T08:38:48.771+0000] {logging_mixin.py:188} INFO - [2025-07-15T08:38:48.771+0000] {dag.py:3954} INFO - Setting next_dagrun for dag_initialisation_postgres to None, run_after=None
[2025-07-15T08:38:48.786+0000] {processor.py:183} INFO - Processing /opt/airflow/dags/dag_initialisation_postgres.py took 0.064 seconds
[2025-07-15T08:39:19.203+0000] {processor.py:161} INFO - Started process (PID=157) to work on /opt/airflow/dags/dag_initialisation_postgres.py
[2025-07-15T08:39:19.204+0000] {processor.py:830} INFO - Processing file /opt/airflow/dags/dag_initialisation_postgres.py for tasks to queue
[2025-07-15T08:39:19.205+0000] {logging_mixin.py:188} INFO - [2025-07-15T08:39:19.205+0000] {dagbag.py:540} INFO - Filling up the DagBag from /opt/airflow/dags/dag_initialisation_postgres.py
[2025-07-15T08:39:19.222+0000] {processor.py:840} INFO - DAG(s) 'dag_initialisation_postgres' retrieved from /opt/airflow/dags/dag_initialisation_postgres.py
[2025-07-15T08:39:19.244+0000] {logging_mixin.py:188} INFO - [2025-07-15T08:39:19.243+0000] {dag.py:3096} INFO - Sync 1 DAGs
[2025-07-15T08:39:19.256+0000] {logging_mixin.py:188} INFO - [2025-07-15T08:39:19.255+0000] {dag.py:3954} INFO - Setting next_dagrun for dag_initialisation_postgres to None, run_after=None
[2025-07-15T08:39:19.274+0000] {processor.py:183} INFO - Processing /opt/airflow/dags/dag_initialisation_postgres.py took 0.077 seconds
[2025-07-15T08:39:49.344+0000] {processor.py:161} INFO - Started process (PID=164) to work on /opt/airflow/dags/dag_initialisation_postgres.py
[2025-07-15T08:39:49.345+0000] {processor.py:830} INFO - Processing file /opt/airflow/dags/dag_initialisation_postgres.py for tasks to queue
[2025-07-15T08:39:49.346+0000] {logging_mixin.py:188} INFO - [2025-07-15T08:39:49.346+0000] {dagbag.py:540} INFO - Filling up the DagBag from /opt/airflow/dags/dag_initialisation_postgres.py
[2025-07-15T08:39:49.358+0000] {processor.py:840} INFO - DAG(s) 'dag_initialisation_postgres' retrieved from /opt/airflow/dags/dag_initialisation_postgres.py
[2025-07-15T08:39:49.378+0000] {logging_mixin.py:188} INFO - [2025-07-15T08:39:49.377+0000] {dag.py:3096} INFO - Sync 1 DAGs
[2025-07-15T08:39:49.388+0000] {logging_mixin.py:188} INFO - [2025-07-15T08:39:49.387+0000] {dag.py:3954} INFO - Setting next_dagrun for dag_initialisation_postgres to None, run_after=None
[2025-07-15T08:39:49.401+0000] {processor.py:183} INFO - Processing /opt/airflow/dags/dag_initialisation_postgres.py took 0.062 seconds
[2025-07-15T08:40:20.321+0000] {processor.py:161} INFO - Started process (PID=171) to work on /opt/airflow/dags/dag_initialisation_postgres.py
[2025-07-15T08:40:20.322+0000] {processor.py:830} INFO - Processing file /opt/airflow/dags/dag_initialisation_postgres.py for tasks to queue
[2025-07-15T08:40:20.323+0000] {logging_mixin.py:188} INFO - [2025-07-15T08:40:20.323+0000] {dagbag.py:540} INFO - Filling up the DagBag from /opt/airflow/dags/dag_initialisation_postgres.py
[2025-07-15T08:40:20.337+0000] {processor.py:840} INFO - DAG(s) 'dag_initialisation_postgres' retrieved from /opt/airflow/dags/dag_initialisation_postgres.py
[2025-07-15T08:40:20.355+0000] {logging_mixin.py:188} INFO - [2025-07-15T08:40:20.355+0000] {dag.py:3096} INFO - Sync 1 DAGs
[2025-07-15T08:40:20.366+0000] {logging_mixin.py:188} INFO - [2025-07-15T08:40:20.366+0000] {dag.py:3954} INFO - Setting next_dagrun for dag_initialisation_postgres to None, run_after=None
[2025-07-15T08:40:20.381+0000] {processor.py:183} INFO - Processing /opt/airflow/dags/dag_initialisation_postgres.py took 0.064 seconds
[2025-07-15T08:40:51.407+0000] {processor.py:161} INFO - Started process (PID=178) to work on /opt/airflow/dags/dag_initialisation_postgres.py
[2025-07-15T08:40:51.408+0000] {processor.py:830} INFO - Processing file /opt/airflow/dags/dag_initialisation_postgres.py for tasks to queue
[2025-07-15T08:40:51.409+0000] {logging_mixin.py:188} INFO - [2025-07-15T08:40:51.409+0000] {dagbag.py:540} INFO - Filling up the DagBag from /opt/airflow/dags/dag_initialisation_postgres.py
[2025-07-15T08:40:51.422+0000] {processor.py:840} INFO - DAG(s) 'dag_initialisation_postgres' retrieved from /opt/airflow/dags/dag_initialisation_postgres.py
[2025-07-15T08:40:51.440+0000] {logging_mixin.py:188} INFO - [2025-07-15T08:40:51.440+0000] {dag.py:3096} INFO - Sync 1 DAGs
[2025-07-15T08:40:51.451+0000] {logging_mixin.py:188} INFO - [2025-07-15T08:40:51.450+0000] {dag.py:3954} INFO - Setting next_dagrun for dag_initialisation_postgres to None, run_after=None
[2025-07-15T08:40:51.467+0000] {processor.py:183} INFO - Processing /opt/airflow/dags/dag_initialisation_postgres.py took 0.064 seconds
[2025-07-15T08:41:22.338+0000] {processor.py:161} INFO - Started process (PID=185) to work on /opt/airflow/dags/dag_initialisation_postgres.py
[2025-07-15T08:41:22.339+0000] {processor.py:830} INFO - Processing file /opt/airflow/dags/dag_initialisation_postgres.py for tasks to queue
[2025-07-15T08:41:22.341+0000] {logging_mixin.py:188} INFO - [2025-07-15T08:41:22.340+0000] {dagbag.py:540} INFO - Filling up the DagBag from /opt/airflow/dags/dag_initialisation_postgres.py
[2025-07-15T08:41:22.362+0000] {processor.py:840} INFO - DAG(s) 'dag_initialisation_postgres' retrieved from /opt/airflow/dags/dag_initialisation_postgres.py
[2025-07-15T08:41:22.381+0000] {logging_mixin.py:188} INFO - [2025-07-15T08:41:22.380+0000] {dag.py:3096} INFO - Sync 1 DAGs
[2025-07-15T08:41:22.392+0000] {logging_mixin.py:188} INFO - [2025-07-15T08:41:22.392+0000] {dag.py:3954} INFO - Setting next_dagrun for dag_initialisation_postgres to None, run_after=None
[2025-07-15T08:41:22.410+0000] {processor.py:183} INFO - Processing /opt/airflow/dags/dag_initialisation_postgres.py took 0.077 seconds
[2025-07-15T08:41:52.813+0000] {processor.py:161} INFO - Started process (PID=192) to work on /opt/airflow/dags/dag_initialisation_postgres.py
[2025-07-15T08:41:52.814+0000] {processor.py:830} INFO - Processing file /opt/airflow/dags/dag_initialisation_postgres.py for tasks to queue
[2025-07-15T08:41:52.816+0000] {logging_mixin.py:188} INFO - [2025-07-15T08:41:52.816+0000] {dagbag.py:540} INFO - Filling up the DagBag from /opt/airflow/dags/dag_initialisation_postgres.py
[2025-07-15T08:41:52.835+0000] {processor.py:840} INFO - DAG(s) 'dag_initialisation_postgres' retrieved from /opt/airflow/dags/dag_initialisation_postgres.py
[2025-07-15T08:41:52.855+0000] {logging_mixin.py:188} INFO - [2025-07-15T08:41:52.855+0000] {dag.py:3096} INFO - Sync 1 DAGs
[2025-07-15T08:41:52.864+0000] {logging_mixin.py:188} INFO - [2025-07-15T08:41:52.864+0000] {dag.py:3954} INFO - Setting next_dagrun for dag_initialisation_postgres to None, run_after=None
[2025-07-15T08:41:52.880+0000] {processor.py:183} INFO - Processing /opt/airflow/dags/dag_initialisation_postgres.py took 0.072 seconds
[2025-07-15T08:42:23.003+0000] {processor.py:161} INFO - Started process (PID=199) to work on /opt/airflow/dags/dag_initialisation_postgres.py
[2025-07-15T08:42:23.004+0000] {processor.py:830} INFO - Processing file /opt/airflow/dags/dag_initialisation_postgres.py for tasks to queue
[2025-07-15T08:42:23.006+0000] {logging_mixin.py:188} INFO - [2025-07-15T08:42:23.006+0000] {dagbag.py:540} INFO - Filling up the DagBag from /opt/airflow/dags/dag_initialisation_postgres.py
[2025-07-15T08:42:23.024+0000] {processor.py:840} INFO - DAG(s) 'dag_initialisation_postgres' retrieved from /opt/airflow/dags/dag_initialisation_postgres.py
[2025-07-15T08:42:23.043+0000] {logging_mixin.py:188} INFO - [2025-07-15T08:42:23.043+0000] {dag.py:3096} INFO - Sync 1 DAGs
[2025-07-15T08:42:23.053+0000] {logging_mixin.py:188} INFO - [2025-07-15T08:42:23.053+0000] {dag.py:3954} INFO - Setting next_dagrun for dag_initialisation_postgres to None, run_after=None
[2025-07-15T08:42:23.069+0000] {processor.py:183} INFO - Processing /opt/airflow/dags/dag_initialisation_postgres.py took 0.070 seconds
[2025-07-15T08:42:53.141+0000] {processor.py:161} INFO - Started process (PID=206) to work on /opt/airflow/dags/dag_initialisation_postgres.py
[2025-07-15T08:42:53.141+0000] {processor.py:830} INFO - Processing file /opt/airflow/dags/dag_initialisation_postgres.py for tasks to queue
[2025-07-15T08:42:53.143+0000] {logging_mixin.py:188} INFO - [2025-07-15T08:42:53.143+0000] {dagbag.py:540} INFO - Filling up the DagBag from /opt/airflow/dags/dag_initialisation_postgres.py
[2025-07-15T08:42:53.156+0000] {processor.py:840} INFO - DAG(s) 'dag_initialisation_postgres' retrieved from /opt/airflow/dags/dag_initialisation_postgres.py
[2025-07-15T08:42:53.173+0000] {logging_mixin.py:188} INFO - [2025-07-15T08:42:53.173+0000] {dag.py:3096} INFO - Sync 1 DAGs
[2025-07-15T08:42:53.183+0000] {logging_mixin.py:188} INFO - [2025-07-15T08:42:53.183+0000] {dag.py:3954} INFO - Setting next_dagrun for dag_initialisation_postgres to None, run_after=None
[2025-07-15T08:42:53.198+0000] {processor.py:183} INFO - Processing /opt/airflow/dags/dag_initialisation_postgres.py took 0.062 seconds
[2025-07-15T08:43:24.241+0000] {processor.py:161} INFO - Started process (PID=213) to work on /opt/airflow/dags/dag_initialisation_postgres.py
[2025-07-15T08:43:24.242+0000] {processor.py:830} INFO - Processing file /opt/airflow/dags/dag_initialisation_postgres.py for tasks to queue
[2025-07-15T08:43:24.244+0000] {logging_mixin.py:188} INFO - [2025-07-15T08:43:24.244+0000] {dagbag.py:540} INFO - Filling up the DagBag from /opt/airflow/dags/dag_initialisation_postgres.py
[2025-07-15T08:43:24.256+0000] {processor.py:840} INFO - DAG(s) 'dag_initialisation_postgres' retrieved from /opt/airflow/dags/dag_initialisation_postgres.py
[2025-07-15T08:43:24.275+0000] {logging_mixin.py:188} INFO - [2025-07-15T08:43:24.275+0000] {dag.py:3096} INFO - Sync 1 DAGs
[2025-07-15T08:43:24.286+0000] {logging_mixin.py:188} INFO - [2025-07-15T08:43:24.286+0000] {dag.py:3954} INFO - Setting next_dagrun for dag_initialisation_postgres to None, run_after=None
[2025-07-15T08:43:24.303+0000] {processor.py:183} INFO - Processing /opt/airflow/dags/dag_initialisation_postgres.py took 0.067 seconds
[2025-07-15T08:43:54.505+0000] {processor.py:161} INFO - Started process (PID=220) to work on /opt/airflow/dags/dag_initialisation_postgres.py
[2025-07-15T08:43:54.506+0000] {processor.py:830} INFO - Processing file /opt/airflow/dags/dag_initialisation_postgres.py for tasks to queue
[2025-07-15T08:43:54.507+0000] {logging_mixin.py:188} INFO - [2025-07-15T08:43:54.507+0000] {dagbag.py:540} INFO - Filling up the DagBag from /opt/airflow/dags/dag_initialisation_postgres.py
[2025-07-15T08:43:54.520+0000] {processor.py:840} INFO - DAG(s) 'dag_initialisation_postgres' retrieved from /opt/airflow/dags/dag_initialisation_postgres.py
[2025-07-15T08:43:54.539+0000] {logging_mixin.py:188} INFO - [2025-07-15T08:43:54.538+0000] {dag.py:3096} INFO - Sync 1 DAGs
[2025-07-15T08:43:54.549+0000] {logging_mixin.py:188} INFO - [2025-07-15T08:43:54.549+0000] {dag.py:3954} INFO - Setting next_dagrun for dag_initialisation_postgres to None, run_after=None
[2025-07-15T08:43:54.569+0000] {processor.py:183} INFO - Processing /opt/airflow/dags/dag_initialisation_postgres.py took 0.068 seconds
[2025-07-15T08:44:24.625+0000] {processor.py:161} INFO - Started process (PID=226) to work on /opt/airflow/dags/dag_initialisation_postgres.py
[2025-07-15T08:44:24.626+0000] {processor.py:830} INFO - Processing file /opt/airflow/dags/dag_initialisation_postgres.py for tasks to queue
[2025-07-15T08:44:24.628+0000] {logging_mixin.py:188} INFO - [2025-07-15T08:44:24.627+0000] {dagbag.py:540} INFO - Filling up the DagBag from /opt/airflow/dags/dag_initialisation_postgres.py
[2025-07-15T08:44:24.653+0000] {processor.py:840} INFO - DAG(s) 'dag_initialisation_postgres' retrieved from /opt/airflow/dags/dag_initialisation_postgres.py
[2025-07-15T08:44:24.672+0000] {logging_mixin.py:188} INFO - [2025-07-15T08:44:24.672+0000] {dag.py:3096} INFO - Sync 1 DAGs
[2025-07-15T08:44:24.682+0000] {logging_mixin.py:188} INFO - [2025-07-15T08:44:24.682+0000] {dag.py:3954} INFO - Setting next_dagrun for dag_initialisation_postgres to None, run_after=None
[2025-07-15T08:44:24.697+0000] {processor.py:183} INFO - Processing /opt/airflow/dags/dag_initialisation_postgres.py took 0.077 seconds
[2025-07-15T08:44:55.004+0000] {processor.py:161} INFO - Started process (PID=234) to work on /opt/airflow/dags/dag_initialisation_postgres.py
[2025-07-15T08:44:55.006+0000] {processor.py:830} INFO - Processing file /opt/airflow/dags/dag_initialisation_postgres.py for tasks to queue
[2025-07-15T08:44:55.010+0000] {logging_mixin.py:188} INFO - [2025-07-15T08:44:55.009+0000] {dagbag.py:540} INFO - Filling up the DagBag from /opt/airflow/dags/dag_initialisation_postgres.py
[2025-07-15T08:44:55.047+0000] {processor.py:840} INFO - DAG(s) 'dag_initialisation_postgres' retrieved from /opt/airflow/dags/dag_initialisation_postgres.py
[2025-07-15T08:44:55.071+0000] {logging_mixin.py:188} INFO - [2025-07-15T08:44:55.071+0000] {dag.py:3096} INFO - Sync 1 DAGs
[2025-07-15T08:44:55.081+0000] {logging_mixin.py:188} INFO - [2025-07-15T08:44:55.081+0000] {dag.py:3954} INFO - Setting next_dagrun for dag_initialisation_postgres to None, run_after=None
[2025-07-15T08:44:55.095+0000] {processor.py:183} INFO - Processing /opt/airflow/dags/dag_initialisation_postgres.py took 0.097 seconds
[2025-07-15T08:45:25.186+0000] {processor.py:161} INFO - Started process (PID=241) to work on /opt/airflow/dags/dag_initialisation_postgres.py
[2025-07-15T08:45:25.187+0000] {processor.py:830} INFO - Processing file /opt/airflow/dags/dag_initialisation_postgres.py for tasks to queue
[2025-07-15T08:45:25.188+0000] {logging_mixin.py:188} INFO - [2025-07-15T08:45:25.188+0000] {dagbag.py:540} INFO - Filling up the DagBag from /opt/airflow/dags/dag_initialisation_postgres.py
[2025-07-15T08:45:25.207+0000] {processor.py:840} INFO - DAG(s) 'dag_initialisation_postgres' retrieved from /opt/airflow/dags/dag_initialisation_postgres.py
[2025-07-15T08:45:25.226+0000] {logging_mixin.py:188} INFO - [2025-07-15T08:45:25.226+0000] {dag.py:3096} INFO - Sync 1 DAGs
[2025-07-15T08:45:25.237+0000] {logging_mixin.py:188} INFO - [2025-07-15T08:45:25.237+0000] {dag.py:3954} INFO - Setting next_dagrun for dag_initialisation_postgres to None, run_after=None
[2025-07-15T08:45:25.255+0000] {processor.py:183} INFO - Processing /opt/airflow/dags/dag_initialisation_postgres.py took 0.074 seconds
[2025-07-15T08:45:56.109+0000] {processor.py:161} INFO - Started process (PID=248) to work on /opt/airflow/dags/dag_initialisation_postgres.py
[2025-07-15T08:45:56.110+0000] {processor.py:830} INFO - Processing file /opt/airflow/dags/dag_initialisation_postgres.py for tasks to queue
[2025-07-15T08:45:56.111+0000] {logging_mixin.py:188} INFO - [2025-07-15T08:45:56.111+0000] {dagbag.py:540} INFO - Filling up the DagBag from /opt/airflow/dags/dag_initialisation_postgres.py
[2025-07-15T08:45:56.132+0000] {processor.py:840} INFO - DAG(s) 'dag_initialisation_postgres' retrieved from /opt/airflow/dags/dag_initialisation_postgres.py
[2025-07-15T08:45:56.151+0000] {logging_mixin.py:188} INFO - [2025-07-15T08:45:56.150+0000] {dag.py:3096} INFO - Sync 1 DAGs
[2025-07-15T08:45:56.162+0000] {logging_mixin.py:188} INFO - [2025-07-15T08:45:56.161+0000] {dag.py:3954} INFO - Setting next_dagrun for dag_initialisation_postgres to None, run_after=None
[2025-07-15T08:45:56.175+0000] {processor.py:183} INFO - Processing /opt/airflow/dags/dag_initialisation_postgres.py took 0.071 seconds
