[2025-07-15T08:31:10.133+0000] {processor.py:161} INFO - Started process (PID=42) to work on /opt/airflow/dags/global_sportdata_dag.py
[2025-07-15T08:31:10.134+0000] {processor.py:830} INFO - Processing file /opt/airflow/dags/global_sportdata_dag.py for tasks to queue
[2025-07-15T08:31:10.136+0000] {logging_mixin.py:188} INFO - [2025-07-15T08:31:10.135+0000] {dagbag.py:540} INFO - Filling up the DagBag from /opt/airflow/dags/global_sportdata_dag.py
[2025-07-15T08:31:10.154+0000] {processor.py:840} INFO - DAG(s) 'global_sportdata_pipeline' retrieved from /opt/airflow/dags/global_sportdata_dag.py
[2025-07-15T08:31:10.269+0000] {logging_mixin.py:188} INFO - [2025-07-15T08:31:10.269+0000] {dag.py:3096} INFO - Sync 1 DAGs
[2025-07-15T08:31:10.283+0000] {logging_mixin.py:188} INFO - [2025-07-15T08:31:10.283+0000] {dag.py:3954} INFO - Setting next_dagrun for global_sportdata_pipeline to None, run_after=None
[2025-07-15T08:31:10.301+0000] {processor.py:183} INFO - Processing /opt/airflow/dags/global_sportdata_dag.py took 0.174 seconds
[2025-07-15T08:31:40.375+0000] {processor.py:161} INFO - Started process (PID=48) to work on /opt/airflow/dags/global_sportdata_dag.py
[2025-07-15T08:31:40.376+0000] {processor.py:830} INFO - Processing file /opt/airflow/dags/global_sportdata_dag.py for tasks to queue
[2025-07-15T08:31:40.377+0000] {logging_mixin.py:188} INFO - [2025-07-15T08:31:40.377+0000] {dagbag.py:540} INFO - Filling up the DagBag from /opt/airflow/dags/global_sportdata_dag.py
[2025-07-15T08:31:40.417+0000] {processor.py:840} INFO - DAG(s) 'global_sportdata_pipeline' retrieved from /opt/airflow/dags/global_sportdata_dag.py
[2025-07-15T08:31:40.443+0000] {logging_mixin.py:188} INFO - [2025-07-15T08:31:40.443+0000] {dag.py:3096} INFO - Sync 1 DAGs
[2025-07-15T08:31:40.455+0000] {logging_mixin.py:188} INFO - [2025-07-15T08:31:40.455+0000] {dag.py:3954} INFO - Setting next_dagrun for global_sportdata_pipeline to None, run_after=None
[2025-07-15T08:31:40.472+0000] {processor.py:183} INFO - Processing /opt/airflow/dags/global_sportdata_dag.py took 0.102 seconds
[2025-07-15T08:32:11.357+0000] {processor.py:161} INFO - Started process (PID=56) to work on /opt/airflow/dags/global_sportdata_dag.py
[2025-07-15T08:32:11.357+0000] {processor.py:830} INFO - Processing file /opt/airflow/dags/global_sportdata_dag.py for tasks to queue
[2025-07-15T08:32:11.359+0000] {logging_mixin.py:188} INFO - [2025-07-15T08:32:11.359+0000] {dagbag.py:540} INFO - Filling up the DagBag from /opt/airflow/dags/global_sportdata_dag.py
[2025-07-15T08:32:11.379+0000] {processor.py:840} INFO - DAG(s) 'global_sportdata_pipeline' retrieved from /opt/airflow/dags/global_sportdata_dag.py
[2025-07-15T08:32:11.402+0000] {logging_mixin.py:188} INFO - [2025-07-15T08:32:11.402+0000] {dag.py:3096} INFO - Sync 1 DAGs
[2025-07-15T08:32:11.412+0000] {logging_mixin.py:188} INFO - [2025-07-15T08:32:11.412+0000] {dag.py:3954} INFO - Setting next_dagrun for global_sportdata_pipeline to None, run_after=None
[2025-07-15T08:32:11.430+0000] {processor.py:183} INFO - Processing /opt/airflow/dags/global_sportdata_dag.py took 0.078 seconds
[2025-07-15T08:32:42.266+0000] {processor.py:161} INFO - Started process (PID=63) to work on /opt/airflow/dags/global_sportdata_dag.py
[2025-07-15T08:32:42.267+0000] {processor.py:830} INFO - Processing file /opt/airflow/dags/global_sportdata_dag.py for tasks to queue
[2025-07-15T08:32:42.269+0000] {logging_mixin.py:188} INFO - [2025-07-15T08:32:42.268+0000] {dagbag.py:540} INFO - Filling up the DagBag from /opt/airflow/dags/global_sportdata_dag.py
[2025-07-15T08:32:42.289+0000] {processor.py:840} INFO - DAG(s) 'global_sportdata_pipeline' retrieved from /opt/airflow/dags/global_sportdata_dag.py
[2025-07-15T08:32:42.313+0000] {logging_mixin.py:188} INFO - [2025-07-15T08:32:42.313+0000] {dag.py:3096} INFO - Sync 1 DAGs
[2025-07-15T08:32:42.323+0000] {logging_mixin.py:188} INFO - [2025-07-15T08:32:42.323+0000] {dag.py:3954} INFO - Setting next_dagrun for global_sportdata_pipeline to None, run_after=None
[2025-07-15T08:32:42.338+0000] {processor.py:183} INFO - Processing /opt/airflow/dags/global_sportdata_dag.py took 0.077 seconds
[2025-07-15T08:33:12.597+0000] {processor.py:161} INFO - Started process (PID=70) to work on /opt/airflow/dags/global_sportdata_dag.py
[2025-07-15T08:33:12.598+0000] {processor.py:830} INFO - Processing file /opt/airflow/dags/global_sportdata_dag.py for tasks to queue
[2025-07-15T08:33:12.599+0000] {logging_mixin.py:188} INFO - [2025-07-15T08:33:12.599+0000] {dagbag.py:540} INFO - Filling up the DagBag from /opt/airflow/dags/global_sportdata_dag.py
[2025-07-15T08:33:12.626+0000] {processor.py:840} INFO - DAG(s) 'global_sportdata_pipeline' retrieved from /opt/airflow/dags/global_sportdata_dag.py
[2025-07-15T08:33:12.649+0000] {logging_mixin.py:188} INFO - [2025-07-15T08:33:12.649+0000] {dag.py:3096} INFO - Sync 1 DAGs
[2025-07-15T08:33:12.660+0000] {logging_mixin.py:188} INFO - [2025-07-15T08:33:12.660+0000] {dag.py:3954} INFO - Setting next_dagrun for global_sportdata_pipeline to None, run_after=None
[2025-07-15T08:33:12.676+0000] {processor.py:183} INFO - Processing /opt/airflow/dags/global_sportdata_dag.py took 0.084 seconds
[2025-07-15T08:33:42.819+0000] {processor.py:161} INFO - Started process (PID=77) to work on /opt/airflow/dags/global_sportdata_dag.py
[2025-07-15T08:33:42.820+0000] {processor.py:830} INFO - Processing file /opt/airflow/dags/global_sportdata_dag.py for tasks to queue
[2025-07-15T08:33:42.821+0000] {logging_mixin.py:188} INFO - [2025-07-15T08:33:42.821+0000] {dagbag.py:540} INFO - Filling up the DagBag from /opt/airflow/dags/global_sportdata_dag.py
[2025-07-15T08:33:42.833+0000] {processor.py:840} INFO - DAG(s) 'global_sportdata_pipeline' retrieved from /opt/airflow/dags/global_sportdata_dag.py
[2025-07-15T08:33:42.852+0000] {logging_mixin.py:188} INFO - [2025-07-15T08:33:42.852+0000] {dag.py:3096} INFO - Sync 1 DAGs
[2025-07-15T08:33:42.863+0000] {logging_mixin.py:188} INFO - [2025-07-15T08:33:42.863+0000] {dag.py:3954} INFO - Setting next_dagrun for global_sportdata_pipeline to None, run_after=None
[2025-07-15T08:33:42.880+0000] {processor.py:183} INFO - Processing /opt/airflow/dags/global_sportdata_dag.py took 0.065 seconds
[2025-07-15T08:34:13.016+0000] {processor.py:161} INFO - Started process (PID=84) to work on /opt/airflow/dags/global_sportdata_dag.py
[2025-07-15T08:34:13.017+0000] {processor.py:830} INFO - Processing file /opt/airflow/dags/global_sportdata_dag.py for tasks to queue
[2025-07-15T08:34:13.019+0000] {logging_mixin.py:188} INFO - [2025-07-15T08:34:13.019+0000] {dagbag.py:540} INFO - Filling up the DagBag from /opt/airflow/dags/global_sportdata_dag.py
[2025-07-15T08:34:13.046+0000] {processor.py:840} INFO - DAG(s) 'global_sportdata_pipeline' retrieved from /opt/airflow/dags/global_sportdata_dag.py
[2025-07-15T08:34:13.073+0000] {logging_mixin.py:188} INFO - [2025-07-15T08:34:13.073+0000] {dag.py:3096} INFO - Sync 1 DAGs
[2025-07-15T08:34:13.084+0000] {logging_mixin.py:188} INFO - [2025-07-15T08:34:13.084+0000] {dag.py:3954} INFO - Setting next_dagrun for global_sportdata_pipeline to None, run_after=None
[2025-07-15T08:34:13.098+0000] {processor.py:183} INFO - Processing /opt/airflow/dags/global_sportdata_dag.py took 0.088 seconds
[2025-07-15T08:34:43.152+0000] {processor.py:161} INFO - Started process (PID=91) to work on /opt/airflow/dags/global_sportdata_dag.py
[2025-07-15T08:34:43.152+0000] {processor.py:830} INFO - Processing file /opt/airflow/dags/global_sportdata_dag.py for tasks to queue
[2025-07-15T08:34:43.154+0000] {logging_mixin.py:188} INFO - [2025-07-15T08:34:43.154+0000] {dagbag.py:540} INFO - Filling up the DagBag from /opt/airflow/dags/global_sportdata_dag.py
[2025-07-15T08:34:43.168+0000] {processor.py:840} INFO - DAG(s) 'global_sportdata_pipeline' retrieved from /opt/airflow/dags/global_sportdata_dag.py
[2025-07-15T08:34:43.190+0000] {logging_mixin.py:188} INFO - [2025-07-15T08:34:43.189+0000] {dag.py:3096} INFO - Sync 1 DAGs
[2025-07-15T08:34:43.201+0000] {logging_mixin.py:188} INFO - [2025-07-15T08:34:43.201+0000] {dag.py:3954} INFO - Setting next_dagrun for global_sportdata_pipeline to None, run_after=None
[2025-07-15T08:34:43.218+0000] {processor.py:183} INFO - Processing /opt/airflow/dags/global_sportdata_dag.py took 0.071 seconds
[2025-07-15T08:35:14.217+0000] {processor.py:161} INFO - Started process (PID=98) to work on /opt/airflow/dags/global_sportdata_dag.py
[2025-07-15T08:35:14.218+0000] {processor.py:830} INFO - Processing file /opt/airflow/dags/global_sportdata_dag.py for tasks to queue
[2025-07-15T08:35:14.220+0000] {logging_mixin.py:188} INFO - [2025-07-15T08:35:14.220+0000] {dagbag.py:540} INFO - Filling up the DagBag from /opt/airflow/dags/global_sportdata_dag.py
[2025-07-15T08:35:14.239+0000] {processor.py:840} INFO - DAG(s) 'global_sportdata_pipeline' retrieved from /opt/airflow/dags/global_sportdata_dag.py
[2025-07-15T08:35:14.267+0000] {logging_mixin.py:188} INFO - [2025-07-15T08:35:14.267+0000] {dag.py:3096} INFO - Sync 1 DAGs
[2025-07-15T08:35:14.279+0000] {logging_mixin.py:188} INFO - [2025-07-15T08:35:14.278+0000] {dag.py:3954} INFO - Setting next_dagrun for global_sportdata_pipeline to None, run_after=None
[2025-07-15T08:35:14.294+0000] {processor.py:183} INFO - Processing /opt/airflow/dags/global_sportdata_dag.py took 0.080 seconds
[2025-07-15T08:35:44.675+0000] {processor.py:161} INFO - Started process (PID=105) to work on /opt/airflow/dags/global_sportdata_dag.py
[2025-07-15T08:35:44.676+0000] {processor.py:830} INFO - Processing file /opt/airflow/dags/global_sportdata_dag.py for tasks to queue
[2025-07-15T08:35:44.678+0000] {logging_mixin.py:188} INFO - [2025-07-15T08:35:44.677+0000] {dagbag.py:540} INFO - Filling up the DagBag from /opt/airflow/dags/global_sportdata_dag.py
[2025-07-15T08:35:44.703+0000] {processor.py:840} INFO - DAG(s) 'global_sportdata_pipeline' retrieved from /opt/airflow/dags/global_sportdata_dag.py
[2025-07-15T08:35:44.727+0000] {logging_mixin.py:188} INFO - [2025-07-15T08:35:44.727+0000] {dag.py:3096} INFO - Sync 1 DAGs
[2025-07-15T08:35:44.738+0000] {logging_mixin.py:188} INFO - [2025-07-15T08:35:44.738+0000] {dag.py:3954} INFO - Setting next_dagrun for global_sportdata_pipeline to None, run_after=None
[2025-07-15T08:35:44.754+0000] {processor.py:183} INFO - Processing /opt/airflow/dags/global_sportdata_dag.py took 0.083 seconds
[2025-07-15T08:36:14.962+0000] {processor.py:161} INFO - Started process (PID=112) to work on /opt/airflow/dags/global_sportdata_dag.py
[2025-07-15T08:36:14.963+0000] {processor.py:830} INFO - Processing file /opt/airflow/dags/global_sportdata_dag.py for tasks to queue
[2025-07-15T08:36:14.965+0000] {logging_mixin.py:188} INFO - [2025-07-15T08:36:14.965+0000] {dagbag.py:540} INFO - Filling up the DagBag from /opt/airflow/dags/global_sportdata_dag.py
[2025-07-15T08:36:14.982+0000] {processor.py:840} INFO - DAG(s) 'global_sportdata_pipeline' retrieved from /opt/airflow/dags/global_sportdata_dag.py
[2025-07-15T08:36:15.006+0000] {logging_mixin.py:188} INFO - [2025-07-15T08:36:15.005+0000] {dag.py:3096} INFO - Sync 1 DAGs
[2025-07-15T08:36:15.022+0000] {logging_mixin.py:188} INFO - [2025-07-15T08:36:15.021+0000] {dag.py:3954} INFO - Setting next_dagrun for global_sportdata_pipeline to None, run_after=None
[2025-07-15T08:36:15.037+0000] {processor.py:183} INFO - Processing /opt/airflow/dags/global_sportdata_dag.py took 0.079 seconds
[2025-07-15T08:36:45.856+0000] {processor.py:161} INFO - Started process (PID=119) to work on /opt/airflow/dags/global_sportdata_dag.py
[2025-07-15T08:36:45.857+0000] {processor.py:830} INFO - Processing file /opt/airflow/dags/global_sportdata_dag.py for tasks to queue
[2025-07-15T08:36:45.858+0000] {logging_mixin.py:188} INFO - [2025-07-15T08:36:45.858+0000] {dagbag.py:540} INFO - Filling up the DagBag from /opt/airflow/dags/global_sportdata_dag.py
[2025-07-15T08:36:45.873+0000] {processor.py:840} INFO - DAG(s) 'global_sportdata_pipeline' retrieved from /opt/airflow/dags/global_sportdata_dag.py
[2025-07-15T08:36:45.897+0000] {logging_mixin.py:188} INFO - [2025-07-15T08:36:45.897+0000] {dag.py:3096} INFO - Sync 1 DAGs
[2025-07-15T08:36:45.909+0000] {logging_mixin.py:188} INFO - [2025-07-15T08:36:45.909+0000] {dag.py:3954} INFO - Setting next_dagrun for global_sportdata_pipeline to None, run_after=None
[2025-07-15T08:36:45.924+0000] {processor.py:183} INFO - Processing /opt/airflow/dags/global_sportdata_dag.py took 0.073 seconds
[2025-07-15T08:37:16.913+0000] {processor.py:161} INFO - Started process (PID=126) to work on /opt/airflow/dags/global_sportdata_dag.py
[2025-07-15T08:37:16.914+0000] {processor.py:830} INFO - Processing file /opt/airflow/dags/global_sportdata_dag.py for tasks to queue
[2025-07-15T08:37:16.915+0000] {logging_mixin.py:188} INFO - [2025-07-15T08:37:16.915+0000] {dagbag.py:540} INFO - Filling up the DagBag from /opt/airflow/dags/global_sportdata_dag.py
[2025-07-15T08:37:16.931+0000] {processor.py:840} INFO - DAG(s) 'global_sportdata_pipeline' retrieved from /opt/airflow/dags/global_sportdata_dag.py
[2025-07-15T08:37:16.951+0000] {logging_mixin.py:188} INFO - [2025-07-15T08:37:16.951+0000] {dag.py:3096} INFO - Sync 1 DAGs
[2025-07-15T08:37:16.962+0000] {logging_mixin.py:188} INFO - [2025-07-15T08:37:16.962+0000] {dag.py:3954} INFO - Setting next_dagrun for global_sportdata_pipeline to None, run_after=None
[2025-07-15T08:37:16.979+0000] {processor.py:183} INFO - Processing /opt/airflow/dags/global_sportdata_dag.py took 0.070 seconds
[2025-07-15T08:37:47.951+0000] {processor.py:161} INFO - Started process (PID=133) to work on /opt/airflow/dags/global_sportdata_dag.py
[2025-07-15T08:37:47.952+0000] {processor.py:830} INFO - Processing file /opt/airflow/dags/global_sportdata_dag.py for tasks to queue
[2025-07-15T08:37:47.953+0000] {logging_mixin.py:188} INFO - [2025-07-15T08:37:47.953+0000] {dagbag.py:540} INFO - Filling up the DagBag from /opt/airflow/dags/global_sportdata_dag.py
[2025-07-15T08:37:47.968+0000] {processor.py:840} INFO - DAG(s) 'global_sportdata_pipeline' retrieved from /opt/airflow/dags/global_sportdata_dag.py
[2025-07-15T08:37:47.990+0000] {logging_mixin.py:188} INFO - [2025-07-15T08:37:47.990+0000] {dag.py:3096} INFO - Sync 1 DAGs
[2025-07-15T08:37:48.002+0000] {logging_mixin.py:188} INFO - [2025-07-15T08:37:48.002+0000] {dag.py:3954} INFO - Setting next_dagrun for global_sportdata_pipeline to None, run_after=None
[2025-07-15T08:37:48.025+0000] {processor.py:183} INFO - Processing /opt/airflow/dags/global_sportdata_dag.py took 0.079 seconds
[2025-07-15T08:38:18.279+0000] {processor.py:161} INFO - Started process (PID=140) to work on /opt/airflow/dags/global_sportdata_dag.py
[2025-07-15T08:38:18.280+0000] {processor.py:830} INFO - Processing file /opt/airflow/dags/global_sportdata_dag.py for tasks to queue
[2025-07-15T08:38:18.281+0000] {logging_mixin.py:188} INFO - [2025-07-15T08:38:18.281+0000] {dagbag.py:540} INFO - Filling up the DagBag from /opt/airflow/dags/global_sportdata_dag.py
[2025-07-15T08:38:18.297+0000] {processor.py:840} INFO - DAG(s) 'global_sportdata_pipeline' retrieved from /opt/airflow/dags/global_sportdata_dag.py
[2025-07-15T08:38:18.318+0000] {logging_mixin.py:188} INFO - [2025-07-15T08:38:18.318+0000] {dag.py:3096} INFO - Sync 1 DAGs
[2025-07-15T08:38:18.328+0000] {logging_mixin.py:188} INFO - [2025-07-15T08:38:18.328+0000] {dag.py:3954} INFO - Setting next_dagrun for global_sportdata_pipeline to None, run_after=None
[2025-07-15T08:38:18.347+0000] {processor.py:183} INFO - Processing /opt/airflow/dags/global_sportdata_dag.py took 0.073 seconds
[2025-07-15T08:38:48.510+0000] {processor.py:161} INFO - Started process (PID=147) to work on /opt/airflow/dags/global_sportdata_dag.py
[2025-07-15T08:38:48.511+0000] {processor.py:830} INFO - Processing file /opt/airflow/dags/global_sportdata_dag.py for tasks to queue
[2025-07-15T08:38:48.512+0000] {logging_mixin.py:188} INFO - [2025-07-15T08:38:48.512+0000] {dagbag.py:540} INFO - Filling up the DagBag from /opt/airflow/dags/global_sportdata_dag.py
[2025-07-15T08:38:48.534+0000] {processor.py:840} INFO - DAG(s) 'global_sportdata_pipeline' retrieved from /opt/airflow/dags/global_sportdata_dag.py
[2025-07-15T08:38:48.556+0000] {logging_mixin.py:188} INFO - [2025-07-15T08:38:48.556+0000] {dag.py:3096} INFO - Sync 1 DAGs
[2025-07-15T08:38:48.568+0000] {logging_mixin.py:188} INFO - [2025-07-15T08:38:48.568+0000] {dag.py:3954} INFO - Setting next_dagrun for global_sportdata_pipeline to None, run_after=None
[2025-07-15T08:38:48.586+0000] {processor.py:183} INFO - Processing /opt/airflow/dags/global_sportdata_dag.py took 0.080 seconds
[2025-07-15T08:39:18.912+0000] {processor.py:161} INFO - Started process (PID=154) to work on /opt/airflow/dags/global_sportdata_dag.py
[2025-07-15T08:39:18.913+0000] {processor.py:830} INFO - Processing file /opt/airflow/dags/global_sportdata_dag.py for tasks to queue
[2025-07-15T08:39:18.918+0000] {logging_mixin.py:188} INFO - [2025-07-15T08:39:18.918+0000] {dagbag.py:540} INFO - Filling up the DagBag from /opt/airflow/dags/global_sportdata_dag.py
[2025-07-15T08:39:18.977+0000] {processor.py:840} INFO - DAG(s) 'global_sportdata_pipeline' retrieved from /opt/airflow/dags/global_sportdata_dag.py
[2025-07-15T08:39:19.006+0000] {logging_mixin.py:188} INFO - [2025-07-15T08:39:19.006+0000] {dag.py:3096} INFO - Sync 1 DAGs
[2025-07-15T08:39:19.018+0000] {logging_mixin.py:188} INFO - [2025-07-15T08:39:19.018+0000] {dag.py:3954} INFO - Setting next_dagrun for global_sportdata_pipeline to None, run_after=None
[2025-07-15T08:39:19.035+0000] {processor.py:183} INFO - Processing /opt/airflow/dags/global_sportdata_dag.py took 0.127 seconds
[2025-07-15T08:39:49.147+0000] {processor.py:161} INFO - Started process (PID=161) to work on /opt/airflow/dags/global_sportdata_dag.py
[2025-07-15T08:39:49.148+0000] {processor.py:830} INFO - Processing file /opt/airflow/dags/global_sportdata_dag.py for tasks to queue
[2025-07-15T08:39:49.149+0000] {logging_mixin.py:188} INFO - [2025-07-15T08:39:49.149+0000] {dagbag.py:540} INFO - Filling up the DagBag from /opt/airflow/dags/global_sportdata_dag.py
[2025-07-15T08:39:49.161+0000] {processor.py:840} INFO - DAG(s) 'global_sportdata_pipeline' retrieved from /opt/airflow/dags/global_sportdata_dag.py
[2025-07-15T08:39:49.184+0000] {logging_mixin.py:188} INFO - [2025-07-15T08:39:49.184+0000] {dag.py:3096} INFO - Sync 1 DAGs
[2025-07-15T08:39:49.194+0000] {logging_mixin.py:188} INFO - [2025-07-15T08:39:49.194+0000] {dag.py:3954} INFO - Setting next_dagrun for global_sportdata_pipeline to None, run_after=None
[2025-07-15T08:39:49.211+0000] {processor.py:183} INFO - Processing /opt/airflow/dags/global_sportdata_dag.py took 0.069 seconds
[2025-07-15T08:40:20.123+0000] {processor.py:161} INFO - Started process (PID=168) to work on /opt/airflow/dags/global_sportdata_dag.py
[2025-07-15T08:40:20.124+0000] {processor.py:830} INFO - Processing file /opt/airflow/dags/global_sportdata_dag.py for tasks to queue
[2025-07-15T08:40:20.125+0000] {logging_mixin.py:188} INFO - [2025-07-15T08:40:20.125+0000] {dagbag.py:540} INFO - Filling up the DagBag from /opt/airflow/dags/global_sportdata_dag.py
[2025-07-15T08:40:20.138+0000] {processor.py:840} INFO - DAG(s) 'global_sportdata_pipeline' retrieved from /opt/airflow/dags/global_sportdata_dag.py
[2025-07-15T08:40:20.161+0000] {logging_mixin.py:188} INFO - [2025-07-15T08:40:20.160+0000] {dag.py:3096} INFO - Sync 1 DAGs
[2025-07-15T08:40:20.171+0000] {logging_mixin.py:188} INFO - [2025-07-15T08:40:20.171+0000] {dag.py:3954} INFO - Setting next_dagrun for global_sportdata_pipeline to None, run_after=None
[2025-07-15T08:40:20.188+0000] {processor.py:183} INFO - Processing /opt/airflow/dags/global_sportdata_dag.py took 0.069 seconds
[2025-07-15T08:40:51.205+0000] {processor.py:161} INFO - Started process (PID=175) to work on /opt/airflow/dags/global_sportdata_dag.py
[2025-07-15T08:40:51.206+0000] {processor.py:830} INFO - Processing file /opt/airflow/dags/global_sportdata_dag.py for tasks to queue
[2025-07-15T08:40:51.207+0000] {logging_mixin.py:188} INFO - [2025-07-15T08:40:51.207+0000] {dagbag.py:540} INFO - Filling up the DagBag from /opt/airflow/dags/global_sportdata_dag.py
[2025-07-15T08:40:51.219+0000] {processor.py:840} INFO - DAG(s) 'global_sportdata_pipeline' retrieved from /opt/airflow/dags/global_sportdata_dag.py
[2025-07-15T08:40:51.239+0000] {logging_mixin.py:188} INFO - [2025-07-15T08:40:51.239+0000] {dag.py:3096} INFO - Sync 1 DAGs
[2025-07-15T08:40:51.250+0000] {logging_mixin.py:188} INFO - [2025-07-15T08:40:51.250+0000] {dag.py:3954} INFO - Setting next_dagrun for global_sportdata_pipeline to None, run_after=None
[2025-07-15T08:40:51.266+0000] {processor.py:183} INFO - Processing /opt/airflow/dags/global_sportdata_dag.py took 0.065 seconds
[2025-07-15T08:41:22.126+0000] {processor.py:161} INFO - Started process (PID=182) to work on /opt/airflow/dags/global_sportdata_dag.py
[2025-07-15T08:41:22.126+0000] {processor.py:830} INFO - Processing file /opt/airflow/dags/global_sportdata_dag.py for tasks to queue
[2025-07-15T08:41:22.128+0000] {logging_mixin.py:188} INFO - [2025-07-15T08:41:22.127+0000] {dagbag.py:540} INFO - Filling up the DagBag from /opt/airflow/dags/global_sportdata_dag.py
[2025-07-15T08:41:22.142+0000] {processor.py:840} INFO - DAG(s) 'global_sportdata_pipeline' retrieved from /opt/airflow/dags/global_sportdata_dag.py
[2025-07-15T08:41:22.162+0000] {logging_mixin.py:188} INFO - [2025-07-15T08:41:22.162+0000] {dag.py:3096} INFO - Sync 1 DAGs
[2025-07-15T08:41:22.173+0000] {logging_mixin.py:188} INFO - [2025-07-15T08:41:22.173+0000] {dag.py:3954} INFO - Setting next_dagrun for global_sportdata_pipeline to None, run_after=None
[2025-07-15T08:41:22.190+0000] {processor.py:183} INFO - Processing /opt/airflow/dags/global_sportdata_dag.py took 0.069 seconds
[2025-07-15T08:41:52.476+0000] {processor.py:161} INFO - Started process (PID=189) to work on /opt/airflow/dags/global_sportdata_dag.py
[2025-07-15T08:41:52.476+0000] {processor.py:830} INFO - Processing file /opt/airflow/dags/global_sportdata_dag.py for tasks to queue
[2025-07-15T08:41:52.478+0000] {logging_mixin.py:188} INFO - [2025-07-15T08:41:52.478+0000] {dagbag.py:540} INFO - Filling up the DagBag from /opt/airflow/dags/global_sportdata_dag.py
[2025-07-15T08:41:52.492+0000] {processor.py:840} INFO - DAG(s) 'global_sportdata_pipeline' retrieved from /opt/airflow/dags/global_sportdata_dag.py
[2025-07-15T08:41:52.514+0000] {logging_mixin.py:188} INFO - [2025-07-15T08:41:52.514+0000] {dag.py:3096} INFO - Sync 1 DAGs
[2025-07-15T08:41:52.524+0000] {logging_mixin.py:188} INFO - [2025-07-15T08:41:52.524+0000] {dag.py:3954} INFO - Setting next_dagrun for global_sportdata_pipeline to None, run_after=None
[2025-07-15T08:41:52.539+0000] {processor.py:183} INFO - Processing /opt/airflow/dags/global_sportdata_dag.py took 0.068 seconds
[2025-07-15T08:42:22.647+0000] {processor.py:161} INFO - Started process (PID=196) to work on /opt/airflow/dags/global_sportdata_dag.py
[2025-07-15T08:42:22.649+0000] {processor.py:830} INFO - Processing file /opt/airflow/dags/global_sportdata_dag.py for tasks to queue
[2025-07-15T08:42:22.651+0000] {logging_mixin.py:188} INFO - [2025-07-15T08:42:22.650+0000] {dagbag.py:540} INFO - Filling up the DagBag from /opt/airflow/dags/global_sportdata_dag.py
[2025-07-15T08:42:22.678+0000] {processor.py:840} INFO - DAG(s) 'global_sportdata_pipeline' retrieved from /opt/airflow/dags/global_sportdata_dag.py
[2025-07-15T08:42:22.706+0000] {logging_mixin.py:188} INFO - [2025-07-15T08:42:22.706+0000] {dag.py:3096} INFO - Sync 1 DAGs
[2025-07-15T08:42:22.717+0000] {logging_mixin.py:188} INFO - [2025-07-15T08:42:22.717+0000] {dag.py:3954} INFO - Setting next_dagrun for global_sportdata_pipeline to None, run_after=None
[2025-07-15T08:42:22.732+0000] {processor.py:183} INFO - Processing /opt/airflow/dags/global_sportdata_dag.py took 0.090 seconds
[2025-07-15T08:42:52.918+0000] {processor.py:161} INFO - Started process (PID=203) to work on /opt/airflow/dags/global_sportdata_dag.py
[2025-07-15T08:42:52.919+0000] {processor.py:830} INFO - Processing file /opt/airflow/dags/global_sportdata_dag.py for tasks to queue
[2025-07-15T08:42:52.921+0000] {logging_mixin.py:188} INFO - [2025-07-15T08:42:52.920+0000] {dagbag.py:540} INFO - Filling up the DagBag from /opt/airflow/dags/global_sportdata_dag.py
[2025-07-15T08:42:52.936+0000] {processor.py:840} INFO - DAG(s) 'global_sportdata_pipeline' retrieved from /opt/airflow/dags/global_sportdata_dag.py
[2025-07-15T08:42:52.958+0000] {logging_mixin.py:188} INFO - [2025-07-15T08:42:52.957+0000] {dag.py:3096} INFO - Sync 1 DAGs
[2025-07-15T08:42:52.968+0000] {logging_mixin.py:188} INFO - [2025-07-15T08:42:52.968+0000] {dag.py:3954} INFO - Setting next_dagrun for global_sportdata_pipeline to None, run_after=None
[2025-07-15T08:42:52.986+0000] {processor.py:183} INFO - Processing /opt/airflow/dags/global_sportdata_dag.py took 0.073 seconds
[2025-07-15T08:43:24.006+0000] {processor.py:161} INFO - Started process (PID=210) to work on /opt/airflow/dags/global_sportdata_dag.py
[2025-07-15T08:43:24.007+0000] {processor.py:830} INFO - Processing file /opt/airflow/dags/global_sportdata_dag.py for tasks to queue
[2025-07-15T08:43:24.009+0000] {logging_mixin.py:188} INFO - [2025-07-15T08:43:24.008+0000] {dagbag.py:540} INFO - Filling up the DagBag from /opt/airflow/dags/global_sportdata_dag.py
[2025-07-15T08:43:24.023+0000] {processor.py:840} INFO - DAG(s) 'global_sportdata_pipeline' retrieved from /opt/airflow/dags/global_sportdata_dag.py
[2025-07-15T08:43:24.051+0000] {logging_mixin.py:188} INFO - [2025-07-15T08:43:24.051+0000] {dag.py:3096} INFO - Sync 1 DAGs
[2025-07-15T08:43:24.063+0000] {logging_mixin.py:188} INFO - [2025-07-15T08:43:24.063+0000] {dag.py:3954} INFO - Setting next_dagrun for global_sportdata_pipeline to None, run_after=None
[2025-07-15T08:43:24.079+0000] {processor.py:183} INFO - Processing /opt/airflow/dags/global_sportdata_dag.py took 0.077 seconds
[2025-07-15T08:43:54.299+0000] {processor.py:161} INFO - Started process (PID=217) to work on /opt/airflow/dags/global_sportdata_dag.py
[2025-07-15T08:43:54.300+0000] {processor.py:830} INFO - Processing file /opt/airflow/dags/global_sportdata_dag.py for tasks to queue
[2025-07-15T08:43:54.301+0000] {logging_mixin.py:188} INFO - [2025-07-15T08:43:54.301+0000] {dagbag.py:540} INFO - Filling up the DagBag from /opt/airflow/dags/global_sportdata_dag.py
[2025-07-15T08:43:54.313+0000] {processor.py:840} INFO - DAG(s) 'global_sportdata_pipeline' retrieved from /opt/airflow/dags/global_sportdata_dag.py
[2025-07-15T08:43:54.335+0000] {logging_mixin.py:188} INFO - [2025-07-15T08:43:54.335+0000] {dag.py:3096} INFO - Sync 1 DAGs
[2025-07-15T08:43:54.346+0000] {logging_mixin.py:188} INFO - [2025-07-15T08:43:54.346+0000] {dag.py:3954} INFO - Setting next_dagrun for global_sportdata_pipeline to None, run_after=None
[2025-07-15T08:43:54.361+0000] {processor.py:183} INFO - Processing /opt/airflow/dags/global_sportdata_dag.py took 0.066 seconds
[2025-07-15T08:44:24.501+0000] {processor.py:161} INFO - Started process (PID=224) to work on /opt/airflow/dags/global_sportdata_dag.py
[2025-07-15T08:44:24.502+0000] {processor.py:830} INFO - Processing file /opt/airflow/dags/global_sportdata_dag.py for tasks to queue
[2025-07-15T08:44:24.503+0000] {logging_mixin.py:188} INFO - [2025-07-15T08:44:24.503+0000] {dagbag.py:540} INFO - Filling up the DagBag from /opt/airflow/dags/global_sportdata_dag.py
[2025-07-15T08:44:24.518+0000] {processor.py:840} INFO - DAG(s) 'global_sportdata_pipeline' retrieved from /opt/airflow/dags/global_sportdata_dag.py
[2025-07-15T08:44:24.539+0000] {logging_mixin.py:188} INFO - [2025-07-15T08:44:24.539+0000] {dag.py:3096} INFO - Sync 1 DAGs
[2025-07-15T08:44:24.549+0000] {logging_mixin.py:188} INFO - [2025-07-15T08:44:24.549+0000] {dag.py:3954} INFO - Setting next_dagrun for global_sportdata_pipeline to None, run_after=None
[2025-07-15T08:44:24.565+0000] {processor.py:183} INFO - Processing /opt/airflow/dags/global_sportdata_dag.py took 0.069 seconds
[2025-07-15T08:44:54.726+0000] {processor.py:161} INFO - Started process (PID=231) to work on /opt/airflow/dags/global_sportdata_dag.py
[2025-07-15T08:44:54.728+0000] {processor.py:830} INFO - Processing file /opt/airflow/dags/global_sportdata_dag.py for tasks to queue
[2025-07-15T08:44:54.732+0000] {logging_mixin.py:188} INFO - [2025-07-15T08:44:54.732+0000] {dagbag.py:540} INFO - Filling up the DagBag from /opt/airflow/dags/global_sportdata_dag.py
[2025-07-15T08:44:54.767+0000] {processor.py:840} INFO - DAG(s) 'global_sportdata_pipeline' retrieved from /opt/airflow/dags/global_sportdata_dag.py
[2025-07-15T08:44:54.795+0000] {logging_mixin.py:188} INFO - [2025-07-15T08:44:54.794+0000] {dag.py:3096} INFO - Sync 1 DAGs
[2025-07-15T08:44:54.805+0000] {logging_mixin.py:188} INFO - [2025-07-15T08:44:54.805+0000] {dag.py:3954} INFO - Setting next_dagrun for global_sportdata_pipeline to None, run_after=None
[2025-07-15T08:44:54.821+0000] {processor.py:183} INFO - Processing /opt/airflow/dags/global_sportdata_dag.py took 0.104 seconds
[2025-07-15T08:45:24.924+0000] {processor.py:161} INFO - Started process (PID=238) to work on /opt/airflow/dags/global_sportdata_dag.py
[2025-07-15T08:45:24.925+0000] {processor.py:830} INFO - Processing file /opt/airflow/dags/global_sportdata_dag.py for tasks to queue
[2025-07-15T08:45:24.927+0000] {logging_mixin.py:188} INFO - [2025-07-15T08:45:24.927+0000] {dagbag.py:540} INFO - Filling up the DagBag from /opt/airflow/dags/global_sportdata_dag.py
[2025-07-15T08:45:24.948+0000] {processor.py:840} INFO - DAG(s) 'global_sportdata_pipeline' retrieved from /opt/airflow/dags/global_sportdata_dag.py
[2025-07-15T08:45:24.975+0000] {logging_mixin.py:188} INFO - [2025-07-15T08:45:24.975+0000] {dag.py:3096} INFO - Sync 1 DAGs
[2025-07-15T08:45:24.988+0000] {logging_mixin.py:188} INFO - [2025-07-15T08:45:24.988+0000] {dag.py:3954} INFO - Setting next_dagrun for global_sportdata_pipeline to None, run_after=None
[2025-07-15T08:45:25.007+0000] {processor.py:183} INFO - Processing /opt/airflow/dags/global_sportdata_dag.py took 0.089 seconds
[2025-07-15T08:45:55.860+0000] {processor.py:161} INFO - Started process (PID=245) to work on /opt/airflow/dags/global_sportdata_dag.py
[2025-07-15T08:45:55.863+0000] {processor.py:830} INFO - Processing file /opt/airflow/dags/global_sportdata_dag.py for tasks to queue
[2025-07-15T08:45:55.867+0000] {logging_mixin.py:188} INFO - [2025-07-15T08:45:55.867+0000] {dagbag.py:540} INFO - Filling up the DagBag from /opt/airflow/dags/global_sportdata_dag.py
[2025-07-15T08:45:55.905+0000] {processor.py:840} INFO - DAG(s) 'global_sportdata_pipeline' retrieved from /opt/airflow/dags/global_sportdata_dag.py
[2025-07-15T08:45:55.925+0000] {logging_mixin.py:188} INFO - [2025-07-15T08:45:55.925+0000] {dag.py:3096} INFO - Sync 1 DAGs
[2025-07-15T08:45:55.936+0000] {logging_mixin.py:188} INFO - [2025-07-15T08:45:55.935+0000] {dag.py:3954} INFO - Setting next_dagrun for global_sportdata_pipeline to None, run_after=None
[2025-07-15T08:45:55.950+0000] {processor.py:183} INFO - Processing /opt/airflow/dags/global_sportdata_dag.py took 0.095 seconds
