[2025-07-15T08:31:10.561+0000] {processor.py:161} INFO - Started process (PID=47) to work on /opt/airflow/dags/hello_world.py
[2025-07-15T08:31:10.562+0000] {processor.py:830} INFO - Processing file /opt/airflow/dags/hello_world.py for tasks to queue
[2025-07-15T08:31:10.564+0000] {logging_mixin.py:188} INFO - [2025-07-15T08:31:10.564+0000] {dagbag.py:540} INFO - Filling up the DagBag from /opt/airflow/dags/hello_world.py
[2025-07-15T08:31:10.582+0000] {processor.py:840} INFO - DAG(s) 'hello_world' retrieved from /opt/airflow/dags/hello_world.py
[2025-07-15T08:31:10.604+0000] {logging_mixin.py:188} INFO - [2025-07-15T08:31:10.604+0000] {dag.py:3096} INFO - Sync 1 DAGs
[2025-07-15T08:31:10.625+0000] {logging_mixin.py:188} INFO - [2025-07-15T08:31:10.625+0000] {dag.py:3954} INFO - Setting next_dagrun for hello_world to 2025-07-14 00:00:00+00:00, run_after=2025-07-15 00:00:00+00:00
[2025-07-15T08:31:10.640+0000] {processor.py:183} INFO - Processing /opt/airflow/dags/hello_world.py took 0.086 seconds
[2025-07-15T08:31:40.924+0000] {processor.py:161} INFO - Started process (PID=54) to work on /opt/airflow/dags/hello_world.py
[2025-07-15T08:31:40.925+0000] {processor.py:830} INFO - Processing file /opt/airflow/dags/hello_world.py for tasks to queue
[2025-07-15T08:31:40.927+0000] {logging_mixin.py:188} INFO - [2025-07-15T08:31:40.927+0000] {dagbag.py:540} INFO - Filling up the DagBag from /opt/airflow/dags/hello_world.py
[2025-07-15T08:31:40.946+0000] {processor.py:840} INFO - DAG(s) 'hello_world' retrieved from /opt/airflow/dags/hello_world.py
[2025-07-15T08:31:40.966+0000] {logging_mixin.py:188} INFO - [2025-07-15T08:31:40.966+0000] {dag.py:3096} INFO - Sync 1 DAGs
[2025-07-15T08:31:40.983+0000] {logging_mixin.py:188} INFO - [2025-07-15T08:31:40.983+0000] {dag.py:3954} INFO - Setting next_dagrun for hello_world to 2025-07-14 00:00:00+00:00, run_after=2025-07-15 00:00:00+00:00
[2025-07-15T08:31:40.996+0000] {processor.py:183} INFO - Processing /opt/airflow/dags/hello_world.py took 0.076 seconds
[2025-07-15T08:32:11.808+0000] {processor.py:161} INFO - Started process (PID=61) to work on /opt/airflow/dags/hello_world.py
[2025-07-15T08:32:11.809+0000] {processor.py:830} INFO - Processing file /opt/airflow/dags/hello_world.py for tasks to queue
[2025-07-15T08:32:11.810+0000] {logging_mixin.py:188} INFO - [2025-07-15T08:32:11.810+0000] {dagbag.py:540} INFO - Filling up the DagBag from /opt/airflow/dags/hello_world.py
[2025-07-15T08:32:11.826+0000] {processor.py:840} INFO - DAG(s) 'hello_world' retrieved from /opt/airflow/dags/hello_world.py
[2025-07-15T08:32:11.844+0000] {logging_mixin.py:188} INFO - [2025-07-15T08:32:11.844+0000] {dag.py:3096} INFO - Sync 1 DAGs
[2025-07-15T08:32:11.859+0000] {logging_mixin.py:188} INFO - [2025-07-15T08:32:11.859+0000] {dag.py:3954} INFO - Setting next_dagrun for hello_world to 2025-07-14 00:00:00+00:00, run_after=2025-07-15 00:00:00+00:00
[2025-07-15T08:32:11.872+0000] {processor.py:183} INFO - Processing /opt/airflow/dags/hello_world.py took 0.069 seconds
[2025-07-15T08:32:42.814+0000] {processor.py:161} INFO - Started process (PID=68) to work on /opt/airflow/dags/hello_world.py
[2025-07-15T08:32:42.815+0000] {processor.py:830} INFO - Processing file /opt/airflow/dags/hello_world.py for tasks to queue
[2025-07-15T08:32:42.817+0000] {logging_mixin.py:188} INFO - [2025-07-15T08:32:42.817+0000] {dagbag.py:540} INFO - Filling up the DagBag from /opt/airflow/dags/hello_world.py
[2025-07-15T08:32:42.846+0000] {processor.py:840} INFO - DAG(s) 'hello_world' retrieved from /opt/airflow/dags/hello_world.py
[2025-07-15T08:32:42.867+0000] {logging_mixin.py:188} INFO - [2025-07-15T08:32:42.867+0000] {dag.py:3096} INFO - Sync 1 DAGs
[2025-07-15T08:32:42.884+0000] {logging_mixin.py:188} INFO - [2025-07-15T08:32:42.884+0000] {dag.py:3954} INFO - Setting next_dagrun for hello_world to 2025-07-14 00:00:00+00:00, run_after=2025-07-15 00:00:00+00:00
[2025-07-15T08:32:42.913+0000] {processor.py:183} INFO - Processing /opt/airflow/dags/hello_world.py took 0.104 seconds
[2025-07-15T08:33:13.147+0000] {processor.py:161} INFO - Started process (PID=75) to work on /opt/airflow/dags/hello_world.py
[2025-07-15T08:33:13.148+0000] {processor.py:830} INFO - Processing file /opt/airflow/dags/hello_world.py for tasks to queue
[2025-07-15T08:33:13.150+0000] {logging_mixin.py:188} INFO - [2025-07-15T08:33:13.150+0000] {dagbag.py:540} INFO - Filling up the DagBag from /opt/airflow/dags/hello_world.py
[2025-07-15T08:33:13.175+0000] {processor.py:840} INFO - DAG(s) 'hello_world' retrieved from /opt/airflow/dags/hello_world.py
[2025-07-15T08:33:13.194+0000] {logging_mixin.py:188} INFO - [2025-07-15T08:33:13.194+0000] {dag.py:3096} INFO - Sync 1 DAGs
[2025-07-15T08:33:13.210+0000] {logging_mixin.py:188} INFO - [2025-07-15T08:33:13.210+0000] {dag.py:3954} INFO - Setting next_dagrun for hello_world to 2025-07-14 00:00:00+00:00, run_after=2025-07-15 00:00:00+00:00
[2025-07-15T08:33:13.225+0000] {processor.py:183} INFO - Processing /opt/airflow/dags/hello_world.py took 0.083 seconds
[2025-07-15T08:33:43.277+0000] {processor.py:161} INFO - Started process (PID=82) to work on /opt/airflow/dags/hello_world.py
[2025-07-15T08:33:43.278+0000] {processor.py:830} INFO - Processing file /opt/airflow/dags/hello_world.py for tasks to queue
[2025-07-15T08:33:43.280+0000] {logging_mixin.py:188} INFO - [2025-07-15T08:33:43.279+0000] {dagbag.py:540} INFO - Filling up the DagBag from /opt/airflow/dags/hello_world.py
[2025-07-15T08:33:43.295+0000] {processor.py:840} INFO - DAG(s) 'hello_world' retrieved from /opt/airflow/dags/hello_world.py
[2025-07-15T08:33:43.313+0000] {logging_mixin.py:188} INFO - [2025-07-15T08:33:43.313+0000] {dag.py:3096} INFO - Sync 1 DAGs
[2025-07-15T08:33:43.330+0000] {logging_mixin.py:188} INFO - [2025-07-15T08:33:43.330+0000] {dag.py:3954} INFO - Setting next_dagrun for hello_world to 2025-07-14 00:00:00+00:00, run_after=2025-07-15 00:00:00+00:00
[2025-07-15T08:33:43.347+0000] {processor.py:183} INFO - Processing /opt/airflow/dags/hello_world.py took 0.074 seconds
[2025-07-15T08:34:13.480+0000] {processor.py:161} INFO - Started process (PID=89) to work on /opt/airflow/dags/hello_world.py
[2025-07-15T08:34:13.481+0000] {processor.py:830} INFO - Processing file /opt/airflow/dags/hello_world.py for tasks to queue
[2025-07-15T08:34:13.483+0000] {logging_mixin.py:188} INFO - [2025-07-15T08:34:13.483+0000] {dagbag.py:540} INFO - Filling up the DagBag from /opt/airflow/dags/hello_world.py
[2025-07-15T08:34:13.517+0000] {processor.py:840} INFO - DAG(s) 'hello_world' retrieved from /opt/airflow/dags/hello_world.py
[2025-07-15T08:34:13.537+0000] {logging_mixin.py:188} INFO - [2025-07-15T08:34:13.537+0000] {dag.py:3096} INFO - Sync 1 DAGs
[2025-07-15T08:34:13.554+0000] {logging_mixin.py:188} INFO - [2025-07-15T08:34:13.554+0000] {dag.py:3954} INFO - Setting next_dagrun for hello_world to 2025-07-14 00:00:00+00:00, run_after=2025-07-15 00:00:00+00:00
[2025-07-15T08:34:13.571+0000] {processor.py:183} INFO - Processing /opt/airflow/dags/hello_world.py took 0.096 seconds
